{"meta": {"format": 3, "version": "7.12.0", "timestamp": "2025-11-30T05:58:42.748399", "branch_coverage": false, "show_contexts": false}, "files": {"src/__init__.py": {"executed_lines": [1], "summary": {"covered_lines": 0, "num_statements": 0, "percent_covered": 100.0, "percent_covered_display": "100", "missing_lines": 0, "excluded_lines": 0, "percent_statements_covered": 100.0, "percent_statements_covered_display": "100"}, "missing_lines": [], "excluded_lines": [], "functions": {"": {"executed_lines": [1], "summary": {"covered_lines": 0, "num_statements": 0, "percent_covered": 100.0, "percent_covered_display": "100", "missing_lines": 0, "excluded_lines": 0, "percent_statements_covered": 100.0, "percent_statements_covered_display": "100"}, "missing_lines": [], "excluded_lines": []}}, "classes": {"": {"executed_lines": [1], "summary": {"covered_lines": 0, "num_statements": 0, "percent_covered": 100.0, "percent_covered_display": "100", "missing_lines": 0, "excluded_lines": 0, "percent_statements_covered": 100.0, "percent_statements_covered_display": "100"}, "missing_lines": [], "excluded_lines": []}}}, "src/acmecli/__init__.py": {"executed_lines": [0], "summary": {"covered_lines": 0, "num_statements": 0, "percent_covered": 100.0, "percent_covered_display": "100", "missing_lines": 0, "excluded_lines": 0, "percent_statements_covered": 100.0, "percent_statements_covered_display": "100"}, "missing_lines": [], "excluded_lines": [], "functions": {"": {"executed_lines": [], "summary": {"covered_lines": 0, "num_statements": 0, "percent_covered": 100.0, "percent_covered_display": "100", "missing_lines": 0, "excluded_lines": 0, "percent_statements_covered": 100.0, "percent_statements_covered_display": "100"}, "missing_lines": [], "excluded_lines": []}}, "classes": {"": {"executed_lines": [], "summary": {"covered_lines": 0, "num_statements": 0, "percent_covered": 100.0, "percent_covered_display": "100", "missing_lines": 0, "excluded_lines": 0, "percent_statements_covered": 100.0, "percent_statements_covered_display": "100"}, "missing_lines": [], "excluded_lines": []}}}, "src/acmecli/cache.py": {"executed_lines": [], "summary": {"covered_lines": 0, "num_statements": 13, "percent_covered": 0.0, "percent_covered_display": "0", "missing_lines": 13, "excluded_lines": 0, "percent_statements_covered": 0.0, "percent_statements_covered_display": "0"}, "missing_lines": [1, 4, 7, 8, 9, 11, 13, 15, 17, 18, 19, 21, 23], "excluded_lines": [], "functions": {"InMemoryCache.__init__": {"executed_lines": [], "summary": {"covered_lines": 0, "num_statements": 2, "percent_covered": 0.0, "percent_covered_display": "0", "missing_lines": 2, "excluded_lines": 0, "percent_statements_covered": 0.0, "percent_statements_covered_display": "0"}, "missing_lines": [8, 9], "excluded_lines": []}, "InMemoryCache.get": {"executed_lines": [], "summary": {"covered_lines": 0, "num_statements": 1, "percent_covered": 0.0, "percent_covered_display": "0", "missing_lines": 1, "excluded_lines": 0, "percent_statements_covered": 0.0, "percent_statements_covered_display": "0"}, "missing_lines": [13], "excluded_lines": []}, "InMemoryCache.set": {"executed_lines": [], "summary": {"covered_lines": 0, "num_statements": 3, "percent_covered": 0.0, "percent_covered_display": "0", "missing_lines": 3, "excluded_lines": 0, "percent_statements_covered": 0.0, "percent_statements_covered_display": "0"}, "missing_lines": [17, 18, 19], "excluded_lines": []}, "InMemoryCache.get_etag": {"executed_lines": [], "summary": {"covered_lines": 0, "num_statements": 1, "percent_covered": 0.0, "percent_covered_display": "0", "missing_lines": 1, "excluded_lines": 0, "percent_statements_covered": 0.0, "percent_statements_covered_display": "0"}, "missing_lines": [23], "excluded_lines": []}, "": {"executed_lines": [], "summary": {"covered_lines": 0, "num_statements": 6, "percent_covered": 0.0, "percent_covered_display": "0", "missing_lines": 6, "excluded_lines": 0, "percent_statements_covered": 0.0, "percent_statements_covered_display": "0"}, "missing_lines": [1, 4, 7, 11, 15, 21], "excluded_lines": []}}, "classes": {"InMemoryCache": {"executed_lines": [], "summary": {"covered_lines": 0, "num_statements": 7, "percent_covered": 0.0, "percent_covered_display": "0", "missing_lines": 7, "excluded_lines": 0, "percent_statements_covered": 0.0, "percent_statements_covered_display": "0"}, "missing_lines": [8, 9, 13, 17, 18, 19, 23], "excluded_lines": []}, "": {"executed_lines": [], "summary": {"covered_lines": 0, "num_statements": 6, "percent_covered": 0.0, "percent_covered_display": "0", "missing_lines": 6, "excluded_lines": 0, "percent_statements_covered": 0.0, "percent_statements_covered_display": "0"}, "missing_lines": [1, 4, 7, 11, 15, 21], "excluded_lines": []}}}, "src/acmecli/cli.py": {"executed_lines": [], "summary": {"covered_lines": 0, "num_statements": 106, "percent_covered": 0.0, "percent_covered_display": "0", "missing_lines": 106, "excluded_lines": 0, "percent_statements_covered": 0.0, "percent_statements_covered_display": "0"}, "missing_lines": [1, 2, 3, 4, 5, 6, 7, 8, 9, 10, 11, 12, 13, 16, 17, 18, 19, 20, 21, 22, 24, 29, 31, 32, 33, 35, 37, 38, 39, 40, 41, 43, 45, 46, 47, 49, 50, 53, 54, 55, 56, 57, 58, 59, 60, 61, 64, 65, 66, 67, 70, 71, 72, 73, 74, 75, 76, 78, 80, 81, 83, 84, 85, 86, 87, 88, 89, 90, 91, 92, 94, 96, 98, 101, 102, 103, 105, 106, 107, 110, 111, 122, 152, 153, 154, 155, 156, 157, 158, 159, 160, 161, 162, 163, 164, 165, 166, 167, 168, 169, 170, 171, 172, 173, 175, 176], "excluded_lines": [], "functions": {"setup_logging": {"executed_lines": [], "summary": {"covered_lines": 0, "num_statements": 23, "percent_covered": 0.0, "percent_covered_display": "0", "missing_lines": 23, "excluded_lines": 0, "percent_statements_covered": 0.0, "percent_statements_covered_display": "0"}, "missing_lines": [17, 18, 19, 20, 21, 22, 24, 29, 31, 32, 33, 35, 37, 38, 39, 40, 41, 43, 45, 46, 47, 49, 50], "excluded_lines": []}, "classify": {"executed_lines": [], "summary": {"covered_lines": 0, "num_statements": 8, "percent_covered": 0.0, "percent_covered_display": "0", "missing_lines": 8, "excluded_lines": 0, "percent_statements_covered": 0.0, "percent_statements_covered_display": "0"}, "missing_lines": [54, 55, 56, 57, 58, 59, 60, 61], "excluded_lines": []}, "extract_urls": {"executed_lines": [], "summary": {"covered_lines": 0, "num_statements": 3, "percent_covered": 0.0, "percent_covered_display": "0", "missing_lines": 3, "excluded_lines": 0, "percent_statements_covered": 0.0, "percent_statements_covered_display": "0"}, "missing_lines": [65, 66, 67], "excluded_lines": []}, "process_url": {"executed_lines": [], "summary": {"covered_lines": 0, "num_statements": 27, "percent_covered": 0.0, "percent_covered_display": "0", "missing_lines": 27, "excluded_lines": 0, "percent_statements_covered": 0.0, "percent_statements_covered_display": "0"}, "missing_lines": [71, 72, 73, 74, 75, 76, 78, 80, 81, 83, 84, 85, 86, 87, 88, 89, 90, 91, 92, 94, 96, 98, 101, 105, 110, 111, 122], "excluded_lines": []}, "process_url.get_metric_value": {"executed_lines": [], "summary": {"covered_lines": 0, "num_statements": 2, "percent_covered": 0.0, "percent_covered_display": "0", "missing_lines": 2, "excluded_lines": 0, "percent_statements_covered": 0.0, "percent_statements_covered_display": "0"}, "missing_lines": [102, 103], "excluded_lines": []}, "process_url.get_metric_latency": {"executed_lines": [], "summary": {"covered_lines": 0, "num_statements": 2, "percent_covered": 0.0, "percent_covered_display": "0", "missing_lines": 2, "excluded_lines": 0, "percent_statements_covered": 0.0, "percent_statements_covered_display": "0"}, "missing_lines": [106, 107], "excluded_lines": []}, "main": {"executed_lines": [], "summary": {"covered_lines": 0, "num_statements": 23, "percent_covered": 0.0, "percent_covered_display": "0", "missing_lines": 23, "excluded_lines": 0, "percent_statements_covered": 0.0, "percent_statements_covered_display": "0"}, "missing_lines": [153, 154, 155, 156, 157, 158, 159, 160, 161, 162, 163, 164, 165, 166, 167, 168, 169, 170, 171, 172, 173, 175, 176], "excluded_lines": []}, "": {"executed_lines": [], "summary": {"covered_lines": 0, "num_statements": 18, "percent_covered": 0.0, "percent_covered_display": "0", "missing_lines": 18, "excluded_lines": 0, "percent_statements_covered": 0.0, "percent_statements_covered_display": "0"}, "missing_lines": [1, 2, 3, 4, 5, 6, 7, 8, 9, 10, 11, 12, 13, 16, 53, 64, 70, 152], "excluded_lines": []}}, "classes": {"": {"executed_lines": [], "summary": {"covered_lines": 0, "num_statements": 106, "percent_covered": 0.0, "percent_covered_display": "0", "missing_lines": 106, "excluded_lines": 0, "percent_statements_covered": 0.0, "percent_statements_covered_display": "0"}, "missing_lines": [1, 2, 3, 4, 5, 6, 7, 8, 9, 10, 11, 12, 13, 16, 17, 18, 19, 20, 21, 22, 24, 29, 31, 32, 33, 35, 37, 38, 39, 40, 41, 43, 45, 46, 47, 49, 50, 53, 54, 55, 56, 57, 58, 59, 60, 61, 64, 65, 66, 67, 70, 71, 72, 73, 74, 75, 76, 78, 80, 81, 83, 84, 85, 86, 87, 88, 89, 90, 91, 92, 94, 96, 98, 101, 102, 103, 105, 106, 107, 110, 111, 122, 152, 153, 154, 155, 156, 157, 158, 159, 160, 161, 162, 163, 164, 165, 166, 167, 168, 169, 170, 171, 172, 173, 175, 176], "excluded_lines": []}}}, "src/acmecli/github_handler.py": {"executed_lines": [1, 2, 3, 4, 5, 6, 7, 10, 11, 13, 34, 73, 299], "summary": {"covered_lines": 12, "num_statements": 168, "percent_covered": 7.142857142857143, "percent_covered_display": "7", "missing_lines": 156, "excluded_lines": 0, "percent_statements_covered": 7.142857142857143, "percent_statements_covered_display": "7"}, "missing_lines": [14, 15, 19, 20, 23, 25, 26, 30, 35, 36, 37, 38, 39, 40, 41, 42, 46, 47, 48, 49, 50, 51, 55, 60, 61, 66, 67, 68, 69, 70, 71, 75, 76, 77, 78, 80, 81, 82, 83, 84, 86, 112, 113, 114, 124, 125, 128, 129, 130, 132, 141, 142, 143, 144, 145, 146, 147, 148, 149, 150, 151, 152, 153, 154, 155, 156, 157, 158, 159, 160, 161, 162, 164, 165, 166, 167, 168, 169, 174, 175, 176, 178, 179, 181, 182, 183, 184, 185, 188, 189, 190, 192, 199, 200, 201, 202, 203, 204, 207, 208, 209, 210, 211, 212, 219, 220, 222, 225, 226, 227, 229, 230, 231, 232, 235, 236, 237, 238, 239, 240, 242, 243, 244, 245, 246, 247, 248, 249, 250, 257, 259, 260, 261, 265, 266, 267, 269, 274, 275, 276, 277, 279, 280, 281, 282, 288, 289, 290, 291, 292, 293, 294, 295, 296, 301, 302], "excluded_lines": [], "functions": {"GitHubHandler.__init__": {"executed_lines": [], "summary": {"covered_lines": 0, "num_statements": 8, "percent_covered": 0.0, "percent_covered_display": "0", "missing_lines": 8, "excluded_lines": 0, "percent_statements_covered": 0.0, "percent_statements_covered_display": "0"}, "missing_lines": [14, 15, 19, 20, 23, 25, 26, 30], "excluded_lines": []}, "GitHubHandler._get_json": {"executed_lines": [], "summary": {"covered_lines": 0, "num_statements": 23, "percent_covered": 0.0, "percent_covered_display": "0", "missing_lines": 23, "excluded_lines": 0, "percent_statements_covered": 0.0, "percent_statements_covered_display": "0"}, "missing_lines": [35, 36, 37, 38, 39, 40, 41, 42, 46, 47, 48, 49, 50, 51, 55, 60, 61, 66, 67, 68, 69, 70, 71], "excluded_lines": []}, "GitHubHandler.fetch_meta": {"executed_lines": [], "summary": {"covered_lines": 0, "num_statements": 123, "percent_covered": 0.0, "percent_covered_display": "0", "missing_lines": 123, "excluded_lines": 0, "percent_statements_covered": 0.0, "percent_statements_covered_display": "0"}, "missing_lines": [75, 76, 77, 78, 80, 81, 82, 83, 84, 86, 112, 113, 114, 124, 125, 128, 129, 130, 132, 141, 142, 143, 144, 145, 146, 147, 148, 149, 150, 151, 152, 153, 154, 155, 156, 157, 158, 159, 160, 161, 162, 164, 165, 166, 167, 168, 169, 174, 175, 176, 178, 179, 181, 182, 183, 184, 185, 188, 189, 190, 192, 199, 200, 201, 202, 203, 204, 207, 208, 209, 210, 211, 212, 219, 220, 222, 225, 226, 227, 229, 230, 231, 232, 235, 236, 237, 238, 239, 240, 242, 243, 244, 245, 246, 247, 248, 249, 250, 257, 259, 260, 261, 265, 266, 267, 269, 274, 275, 276, 277, 279, 280, 281, 282, 288, 289, 290, 291, 292, 293, 294, 295, 296], "excluded_lines": []}, "fetch_github_metadata": {"executed_lines": [], "summary": {"covered_lines": 0, "num_statements": 2, "percent_covered": 0.0, "percent_covered_display": "0", "missing_lines": 2, "excluded_lines": 0, "percent_statements_covered": 0.0, "percent_statements_covered_display": "0"}, "missing_lines": [301, 302], "excluded_lines": []}, "": {"executed_lines": [1, 2, 3, 4, 5, 6, 7, 10, 11, 13, 34, 73, 299], "summary": {"covered_lines": 12, "num_statements": 12, "percent_covered": 100.0, "percent_covered_display": "100", "missing_lines": 0, "excluded_lines": 0, "percent_statements_covered": 100.0, "percent_statements_covered_display": "100"}, "missing_lines": [], "excluded_lines": []}}, "classes": {"GitHubHandler": {"executed_lines": [], "summary": {"covered_lines": 0, "num_statements": 154, "percent_covered": 0.0, "percent_covered_display": "0", "missing_lines": 154, "excluded_lines": 0, "percent_statements_covered": 0.0, "percent_statements_covered_display": "0"}, "missing_lines": [14, 15, 19, 20, 23, 25, 26, 30, 35, 36, 37, 38, 39, 40, 41, 42, 46, 47, 48, 49, 50, 51, 55, 60, 61, 66, 67, 68, 69, 70, 71, 75, 76, 77, 78, 80, 81, 82, 83, 84, 86, 112, 113, 114, 124, 125, 128, 129, 130, 132, 141, 142, 143, 144, 145, 146, 147, 148, 149, 150, 151, 152, 153, 154, 155, 156, 157, 158, 159, 160, 161, 162, 164, 165, 166, 167, 168, 169, 174, 175, 176, 178, 179, 181, 182, 183, 184, 185, 188, 189, 190, 192, 199, 200, 201, 202, 203, 204, 207, 208, 209, 210, 211, 212, 219, 220, 222, 225, 226, 227, 229, 230, 231, 232, 235, 236, 237, 238, 239, 240, 242, 243, 244, 245, 246, 247, 248, 249, 250, 257, 259, 260, 261, 265, 266, 267, 269, 274, 275, 276, 277, 279, 280, 281, 282, 288, 289, 290, 291, 292, 293, 294, 295, 296], "excluded_lines": []}, "": {"executed_lines": [1, 2, 3, 4, 5, 6, 7, 10, 11, 13, 34, 73, 299], "summary": {"covered_lines": 12, "num_statements": 14, "percent_covered": 85.71428571428571, "percent_covered_display": "86", "missing_lines": 2, "excluded_lines": 0, "percent_statements_covered": 85.71428571428571, "percent_statements_covered_display": "86"}, "missing_lines": [301, 302], "excluded_lines": []}}}, "src/acmecli/hf_handler.py": {"executed_lines": [1, 2, 3, 4, 5, 6, 7, 10, 11, 12, 14, 158, 192, 193, 194, 195, 197, 198, 203, 205, 207, 208, 209, 213, 218, 222, 226, 231, 232, 233, 234, 334, 336, 337], "summary": {"covered_lines": 34, "num_statements": 180, "percent_covered": 18.88888888888889, "percent_covered_display": "19", "missing_lines": 146, "excluded_lines": 0, "percent_statements_covered": 18.88888888888889, "percent_statements_covered_display": "19"}, "missing_lines": [29, 30, 32, 37, 41, 42, 43, 45, 47, 48, 49, 50, 54, 55, 56, 57, 58, 59, 63, 64, 65, 67, 68, 69, 70, 75, 119, 120, 121, 122, 123, 124, 125, 126, 130, 131, 132, 133, 134, 135, 136, 139, 146, 147, 148, 149, 150, 151, 152, 153, 154, 156, 160, 163, 165, 166, 167, 169, 170, 171, 172, 173, 176, 178, 179, 180, 182, 183, 184, 185, 189, 190, 196, 199, 200, 201, 202, 210, 211, 219, 220, 223, 224, 236, 237, 238, 239, 240, 241, 244, 245, 246, 248, 254, 255, 257, 259, 262, 263, 266, 267, 268, 269, 271, 272, 273, 274, 277, 278, 279, 282, 283, 284, 289, 290, 291, 292, 293, 296, 299, 300, 301, 302, 303, 304, 306, 307, 308, 309, 310, 311, 314, 315, 316, 317, 318, 319, 322, 323, 324, 325, 326, 327, 328, 329, 331], "excluded_lines": [], "functions": {"HFHandler.__init__": {"executed_lines": [12], "summary": {"covered_lines": 1, "num_statements": 1, "percent_covered": 100.0, "percent_covered_display": "100", "missing_lines": 0, "excluded_lines": 0, "percent_statements_covered": 100.0, "percent_statements_covered_display": "100"}, "missing_lines": [], "excluded_lines": []}, "HFHandler._extract_hyperlinks_from_text": {"executed_lines": [], "summary": {"covered_lines": 0, "num_statements": 52, "percent_covered": 0.0, "percent_covered_display": "0", "missing_lines": 52, "excluded_lines": 0, "percent_statements_covered": 0.0, "percent_statements_covered_display": "0"}, "missing_lines": [29, 30, 32, 37, 41, 42, 43, 45, 47, 48, 49, 50, 54, 55, 56, 57, 58, 59, 63, 64, 65, 67, 68, 69, 70, 75, 119, 120, 121, 122, 123, 124, 125, 126, 130, 131, 132, 133, 134, 135, 136, 139, 146, 147, 148, 149, 150, 151, 152, 153, 154, 156], "excluded_lines": []}, "HFHandler._categorize_url": {"executed_lines": [], "summary": {"covered_lines": 0, "num_statements": 20, "percent_covered": 0.0, "percent_covered_display": "0", "missing_lines": 20, "excluded_lines": 0, "percent_statements_covered": 0.0, "percent_statements_covered_display": "0"}, "missing_lines": [160, 163, 165, 166, 167, 169, 170, 171, 172, 173, 176, 178, 179, 180, 182, 183, 184, 185, 189, 190], "excluded_lines": []}, "HFHandler._get_json": {"executed_lines": [193, 194, 195, 197, 198, 203], "summary": {"covered_lines": 6, "num_statements": 11, "percent_covered": 54.54545454545455, "percent_covered_display": "55", "missing_lines": 5, "excluded_lines": 0, "percent_statements_covered": 54.54545454545455, "percent_statements_covered_display": "55"}, "missing_lines": [196, 199, 200, 201, 202], "excluded_lines": []}, "HFHandler.fetch_meta": {"executed_lines": [207, 208, 209, 213, 218, 222, 226, 231, 232, 233, 234], "summary": {"covered_lines": 11, "num_statements": 80, "percent_covered": 13.75, "percent_covered_display": "14", "missing_lines": 69, "excluded_lines": 0, "percent_statements_covered": 13.75, "percent_statements_covered_display": "14"}, "missing_lines": [210, 211, 219, 220, 223, 224, 236, 237, 238, 239, 240, 241, 244, 245, 246, 248, 254, 255, 257, 259, 262, 263, 266, 267, 268, 269, 271, 272, 273, 274, 277, 278, 279, 282, 283, 284, 289, 290, 291, 292, 293, 296, 299, 300, 301, 302, 303, 304, 306, 307, 308, 309, 310, 311, 314, 315, 316, 317, 318, 319, 322, 323, 324, 325, 326, 327, 328, 329, 331], "excluded_lines": []}, "fetch_hf_metadata": {"executed_lines": [336, 337], "summary": {"covered_lines": 2, "num_statements": 2, "percent_covered": 100.0, "percent_covered_display": "100", "missing_lines": 0, "excluded_lines": 0, "percent_statements_covered": 100.0, "percent_statements_covered_display": "100"}, "missing_lines": [], "excluded_lines": []}, "": {"executed_lines": [1, 2, 3, 4, 5, 6, 7, 10, 11, 14, 158, 192, 205, 334], "summary": {"covered_lines": 14, "num_statements": 14, "percent_covered": 100.0, "percent_covered_display": "100", "missing_lines": 0, "excluded_lines": 0, "percent_statements_covered": 100.0, "percent_statements_covered_display": "100"}, "missing_lines": [], "excluded_lines": []}}, "classes": {"HFHandler": {"executed_lines": [12, 193, 194, 195, 197, 198, 203, 207, 208, 209, 213, 218, 222, 226, 231, 232, 233, 234], "summary": {"covered_lines": 18, "num_statements": 164, "percent_covered": 10.975609756097562, "percent_covered_display": "11", "missing_lines": 146, "excluded_lines": 0, "percent_statements_covered": 10.975609756097562, "percent_statements_covered_display": "11"}, "missing_lines": [29, 30, 32, 37, 41, 42, 43, 45, 47, 48, 49, 50, 54, 55, 56, 57, 58, 59, 63, 64, 65, 67, 68, 69, 70, 75, 119, 120, 121, 122, 123, 124, 125, 126, 130, 131, 132, 133, 134, 135, 136, 139, 146, 147, 148, 149, 150, 151, 152, 153, 154, 156, 160, 163, 165, 166, 167, 169, 170, 171, 172, 173, 176, 178, 179, 180, 182, 183, 184, 185, 189, 190, 196, 199, 200, 201, 202, 210, 211, 219, 220, 223, 224, 236, 237, 238, 239, 240, 241, 244, 245, 246, 248, 254, 255, 257, 259, 262, 263, 266, 267, 268, 269, 271, 272, 273, 274, 277, 278, 279, 282, 283, 284, 289, 290, 291, 292, 293, 296, 299, 300, 301, 302, 303, 304, 306, 307, 308, 309, 310, 311, 314, 315, 316, 317, 318, 319, 322, 323, 324, 325, 326, 327, 328, 329, 331], "excluded_lines": []}, "": {"executed_lines": [1, 2, 3, 4, 5, 6, 7, 10, 11, 14, 158, 192, 205, 334, 336, 337], "summary": {"covered_lines": 16, "num_statements": 16, "percent_covered": 100.0, "percent_covered_display": "100", "missing_lines": 0, "excluded_lines": 0, "percent_statements_covered": 100.0, "percent_statements_covered_display": "100"}, "missing_lines": [], "excluded_lines": []}}}, "src/acmecli/metrics/__init__.py": {"executed_lines": [1, 2, 3, 4, 5, 6, 7, 8, 9, 10, 11, 14, 15, 16, 17, 18, 19, 22, 23, 24, 25, 26, 27, 28, 29, 30, 31, 32, 33, 34, 35, 40], "summary": {"covered_lines": 32, "num_statements": 32, "percent_covered": 100.0, "percent_covered_display": "100", "missing_lines": 0, "excluded_lines": 0, "percent_statements_covered": 100.0, "percent_statements_covered_display": "100"}, "missing_lines": [], "excluded_lines": [], "functions": {"": {"executed_lines": [1, 2, 3, 4, 5, 6, 7, 8, 9, 10, 11, 14, 15, 16, 17, 18, 19, 22, 23, 24, 25, 26, 27, 28, 29, 30, 31, 32, 33, 34, 35, 40], "summary": {"covered_lines": 32, "num_statements": 32, "percent_covered": 100.0, "percent_covered_display": "100", "missing_lines": 0, "excluded_lines": 0, "percent_statements_covered": 100.0, "percent_statements_covered_display": "100"}, "missing_lines": [], "excluded_lines": []}}, "classes": {"": {"executed_lines": [1, 2, 3, 4, 5, 6, 7, 8, 9, 10, 11, 14, 15, 16, 17, 18, 19, 22, 23, 24, 25, 26, 27, 28, 29, 30, 31, 32, 33, 34, 35, 40], "summary": {"covered_lines": 32, "num_statements": 32, "percent_covered": 100.0, "percent_covered_display": "100", "missing_lines": 0, "excluded_lines": 0, "percent_statements_covered": 100.0, "percent_statements_covered_display": "100"}, "missing_lines": [], "excluded_lines": []}}}, "src/acmecli/metrics/base.py": {"executed_lines": [1, 3, 6, 7], "summary": {"covered_lines": 4, "num_statements": 4, "percent_covered": 100.0, "percent_covered_display": "100", "missing_lines": 0, "excluded_lines": 0, "percent_statements_covered": 100.0, "percent_statements_covered_display": "100"}, "missing_lines": [], "excluded_lines": [], "functions": {"register": {"executed_lines": [7], "summary": {"covered_lines": 1, "num_statements": 1, "percent_covered": 100.0, "percent_covered_display": "100", "missing_lines": 0, "excluded_lines": 0, "percent_statements_covered": 100.0, "percent_statements_covered_display": "100"}, "missing_lines": [], "excluded_lines": []}, "": {"executed_lines": [1, 3, 6], "summary": {"covered_lines": 3, "num_statements": 3, "percent_covered": 100.0, "percent_covered_display": "100", "missing_lines": 0, "excluded_lines": 0, "percent_statements_covered": 100.0, "percent_statements_covered_display": "100"}, "missing_lines": [], "excluded_lines": []}}, "classes": {"": {"executed_lines": [1, 3, 6, 7], "summary": {"covered_lines": 4, "num_statements": 4, "percent_covered": 100.0, "percent_covered_display": "100", "missing_lines": 0, "excluded_lines": 0, "percent_statements_covered": 100.0, "percent_statements_covered_display": "100"}, "missing_lines": [], "excluded_lines": []}}}, "src/acmecli/metrics/bus_factor_metric.py": {"executed_lines": [1, 2, 3, 4, 7, 8, 10, 12, 13, 16, 18, 19, 20, 21, 24, 25, 26, 28, 29, 30, 32, 33, 36, 38, 39, 42, 43, 44, 45, 46, 48, 52, 53, 58, 63, 64, 66, 68, 70, 74, 75, 77, 79, 82, 83, 85, 87, 90, 91, 93, 94, 96, 97, 98, 101, 114, 124], "summary": {"covered_lines": 56, "num_statements": 82, "percent_covered": 68.29268292682927, "percent_covered_display": "68", "missing_lines": 26, "excluded_lines": 0, "percent_statements_covered": 68.29268292682927, "percent_statements_covered_display": "68"}, "missing_lines": [27, 31, 47, 49, 54, 56, 57, 60, 65, 67, 69, 71, 76, 78, 80, 84, 86, 88, 103, 104, 107, 116, 117, 119, 120, 121], "excluded_lines": [], "functions": {"BusFactorMetric.score": {"executed_lines": [13, 16, 18, 19, 20, 21, 24, 25, 26, 28, 29, 30, 32, 33, 36, 38, 39, 42, 43, 44, 45, 46, 48, 52, 53, 58, 63, 64, 66, 68, 70, 74, 75, 77, 79, 82, 83, 85, 87, 90, 91, 93, 94, 96, 97, 98], "summary": {"covered_lines": 46, "num_statements": 64, "percent_covered": 71.875, "percent_covered_display": "72", "missing_lines": 18, "excluded_lines": 0, "percent_statements_covered": 71.875, "percent_statements_covered_display": "72"}, "missing_lines": [27, 31, 47, 49, 54, 56, 57, 60, 65, 67, 69, 71, 76, 78, 80, 84, 86, 88], "excluded_lines": []}, "score_bus_factor": {"executed_lines": [], "summary": {"covered_lines": 0, "num_statements": 3, "percent_covered": 0.0, "percent_covered_display": "0", "missing_lines": 3, "excluded_lines": 0, "percent_statements_covered": 0.0, "percent_statements_covered_display": "0"}, "missing_lines": [103, 104, 107], "excluded_lines": []}, "score_bus_factor_with_latency": {"executed_lines": [], "summary": {"covered_lines": 0, "num_statements": 5, "percent_covered": 0.0, "percent_covered_display": "0", "missing_lines": 5, "excluded_lines": 0, "percent_statements_covered": 0.0, "percent_statements_covered_display": "0"}, "missing_lines": [116, 117, 119, 120, 121], "excluded_lines": []}, "": {"executed_lines": [1, 2, 3, 4, 7, 8, 10, 12, 101, 114, 124], "summary": {"covered_lines": 10, "num_statements": 10, "percent_covered": 100.0, "percent_covered_display": "100", "missing_lines": 0, "excluded_lines": 0, "percent_statements_covered": 100.0, "percent_statements_covered_display": "100"}, "missing_lines": [], "excluded_lines": []}}, "classes": {"BusFactorMetric": {"executed_lines": [13, 16, 18, 19, 20, 21, 24, 25, 26, 28, 29, 30, 32, 33, 36, 38, 39, 42, 43, 44, 45, 46, 48, 52, 53, 58, 63, 64, 66, 68, 70, 74, 75, 77, 79, 82, 83, 85, 87, 90, 91, 93, 94, 96, 97, 98], "summary": {"covered_lines": 46, "num_statements": 64, "percent_covered": 71.875, "percent_covered_display": "72", "missing_lines": 18, "excluded_lines": 0, "percent_statements_covered": 71.875, "percent_statements_covered_display": "72"}, "missing_lines": [27, 31, 47, 49, 54, 56, 57, 60, 65, 67, 69, 71, 76, 78, 80, 84, 86, 88], "excluded_lines": []}, "": {"executed_lines": [1, 2, 3, 4, 7, 8, 10, 12, 101, 114, 124], "summary": {"covered_lines": 10, "num_statements": 18, "percent_covered": 55.55555555555556, "percent_covered_display": "56", "missing_lines": 8, "excluded_lines": 0, "percent_statements_covered": 55.55555555555556, "percent_statements_covered_display": "56"}, "missing_lines": [103, 104, 107, 116, 117, 119, 120, 121], "excluded_lines": []}}}, "src/acmecli/metrics/cli_metric.py": {"executed_lines": [1, 2, 3, 6, 7, 9, 11, 12, 13, 14, 15, 16, 17, 18, 19, 22, 23, 25, 26, 27, 30], "summary": {"covered_lines": 20, "num_statements": 21, "percent_covered": 95.23809523809524, "percent_covered_display": "95", "missing_lines": 1, "excluded_lines": 0, "percent_statements_covered": 95.23809523809524, "percent_statements_covered_display": "95"}, "missing_lines": [20], "excluded_lines": [], "functions": {"CLIMetric.score": {"executed_lines": [12, 13, 14, 15, 16, 17, 18, 19, 22, 23, 25, 26, 27], "summary": {"covered_lines": 13, "num_statements": 14, "percent_covered": 92.85714285714286, "percent_covered_display": "93", "missing_lines": 1, "excluded_lines": 0, "percent_statements_covered": 92.85714285714286, "percent_statements_covered_display": "93"}, "missing_lines": [20], "excluded_lines": []}, "": {"executed_lines": [1, 2, 3, 6, 7, 9, 11, 30], "summary": {"covered_lines": 7, "num_statements": 7, "percent_covered": 100.0, "percent_covered_display": "100", "missing_lines": 0, "excluded_lines": 0, "percent_statements_covered": 100.0, "percent_statements_covered_display": "100"}, "missing_lines": [], "excluded_lines": []}}, "classes": {"CLIMetric": {"executed_lines": [12, 13, 14, 15, 16, 17, 18, 19, 22, 23, 25, 26, 27], "summary": {"covered_lines": 13, "num_statements": 14, "percent_covered": 92.85714285714286, "percent_covered_display": "93", "missing_lines": 1, "excluded_lines": 0, "percent_statements_covered": 92.85714285714286, "percent_statements_covered_display": "93"}, "missing_lines": [20], "excluded_lines": []}, "": {"executed_lines": [1, 2, 3, 6, 7, 9, 11, 30], "summary": {"covered_lines": 7, "num_statements": 7, "percent_covered": 100.0, "percent_covered_display": "100", "missing_lines": 0, "excluded_lines": 0, "percent_statements_covered": 100.0, "percent_statements_covered_display": "100"}, "missing_lines": [], "excluded_lines": []}}}, "src/acmecli/metrics/code_quality_metric.py": {"executed_lines": [1, 2, 3, 6, 7, 9, 11, 12, 15, 17, 18, 19, 21, 23, 25, 61, 62, 65, 95, 99, 122, 123, 126, 155, 156, 159, 186, 187, 190, 191, 192, 194, 196, 205, 206, 209, 210, 212, 213, 216, 217, 218, 220, 225, 226, 227, 228, 229, 230, 234, 235, 237, 238, 240, 241, 242, 245], "summary": {"covered_lines": 56, "num_statements": 63, "percent_covered": 88.88888888888889, "percent_covered_display": "89", "missing_lines": 7, "excluded_lines": 0, "percent_statements_covered": 88.88888888888889, "percent_statements_covered_display": "89"}, "missing_lines": [96, 219, 221, 222, 223, 231, 232], "excluded_lines": [], "functions": {"CodeQualityMetric.score": {"executed_lines": [12, 15, 17, 18, 19, 21, 23, 25, 61, 62, 65, 95, 99, 122, 123, 126, 155, 156, 159, 186, 187, 190, 191, 192, 194, 196, 205, 206, 209, 210, 212, 213, 216, 217, 218, 220, 225, 226, 227, 228, 229, 230, 234, 235, 237, 238, 240, 241, 242], "summary": {"covered_lines": 49, "num_statements": 56, "percent_covered": 87.5, "percent_covered_display": "88", "missing_lines": 7, "excluded_lines": 0, "percent_statements_covered": 87.5, "percent_statements_covered_display": "88"}, "missing_lines": [96, 219, 221, 222, 223, 231, 232], "excluded_lines": []}, "": {"executed_lines": [1, 2, 3, 6, 7, 9, 11, 245], "summary": {"covered_lines": 7, "num_statements": 7, "percent_covered": 100.0, "percent_covered_display": "100", "missing_lines": 0, "excluded_lines": 0, "percent_statements_covered": 100.0, "percent_statements_covered_display": "100"}, "missing_lines": [], "excluded_lines": []}}, "classes": {"CodeQualityMetric": {"executed_lines": [12, 15, 17, 18, 19, 21, 23, 25, 61, 62, 65, 95, 99, 122, 123, 126, 155, 156, 159, 186, 187, 190, 191, 192, 194, 196, 205, 206, 209, 210, 212, 213, 216, 217, 218, 220, 225, 226, 227, 228, 229, 230, 234, 235, 237, 238, 240, 241, 242], "summary": {"covered_lines": 49, "num_statements": 56, "percent_covered": 87.5, "percent_covered_display": "88", "missing_lines": 7, "excluded_lines": 0, "percent_statements_covered": 87.5, "percent_statements_covered_display": "88"}, "missing_lines": [96, 219, 221, 222, 223, 231, 232], "excluded_lines": []}, "": {"executed_lines": [1, 2, 3, 6, 7, 9, 11, 245], "summary": {"covered_lines": 7, "num_statements": 7, "percent_covered": 100.0, "percent_covered_display": "100", "missing_lines": 0, "excluded_lines": 0, "percent_statements_covered": 100.0, "percent_statements_covered_display": "100"}, "missing_lines": [], "excluded_lines": []}}}, "src/acmecli/metrics/dataset_and_code_metric.py": {"executed_lines": [1, 2, 3, 6, 7, 9, 11, 12, 15, 17, 18, 20, 40, 41, 44, 57, 61, 105, 106, 109, 140, 144, 148, 149, 152, 153, 156, 157, 159, 160, 162, 163, 164, 167], "summary": {"covered_lines": 33, "num_statements": 38, "percent_covered": 86.84210526315789, "percent_covered_display": "87", "missing_lines": 5, "excluded_lines": 0, "percent_statements_covered": 86.84210526315789, "percent_statements_covered_display": "87"}, "missing_lines": [58, 141, 145, 150, 154], "excluded_lines": [], "functions": {"DatasetAndCodeMetric.score": {"executed_lines": [12, 15, 17, 18, 20, 40, 41, 44, 57, 61, 105, 106, 109, 140, 144, 148, 149, 152, 153, 156, 157, 159, 160, 162, 163, 164], "summary": {"covered_lines": 26, "num_statements": 31, "percent_covered": 83.87096774193549, "percent_covered_display": "84", "missing_lines": 5, "excluded_lines": 0, "percent_statements_covered": 83.87096774193549, "percent_statements_covered_display": "84"}, "missing_lines": [58, 141, 145, 150, 154], "excluded_lines": []}, "": {"executed_lines": [1, 2, 3, 6, 7, 9, 11, 167], "summary": {"covered_lines": 7, "num_statements": 7, "percent_covered": 100.0, "percent_covered_display": "100", "missing_lines": 0, "excluded_lines": 0, "percent_statements_covered": 100.0, "percent_statements_covered_display": "100"}, "missing_lines": [], "excluded_lines": []}}, "classes": {"DatasetAndCodeMetric": {"executed_lines": [12, 15, 17, 18, 20, 40, 41, 44, 57, 61, 105, 106, 109, 140, 144, 148, 149, 152, 153, 156, 157, 159, 160, 162, 163, 164], "summary": {"covered_lines": 26, "num_statements": 31, "percent_covered": 83.87096774193549, "percent_covered_display": "84", "missing_lines": 5, "excluded_lines": 0, "percent_statements_covered": 83.87096774193549, "percent_statements_covered_display": "84"}, "missing_lines": [58, 141, 145, 150, 154], "excluded_lines": []}, "": {"executed_lines": [1, 2, 3, 6, 7, 9, 11, 167], "summary": {"covered_lines": 7, "num_statements": 7, "percent_covered": 100.0, "percent_covered_display": "100", "missing_lines": 0, "excluded_lines": 0, "percent_statements_covered": 100.0, "percent_statements_covered_display": "100"}, "missing_lines": [], "excluded_lines": []}}}, "src/acmecli/metrics/dataset_quality_metric.py": {"executed_lines": [1, 2, 3, 4, 7, 8, 10, 12, 13, 16, 18, 19, 21, 98, 99, 102, 135, 136, 139, 165, 166, 169, 188, 192, 225, 229, 247, 251, 252, 274, 278, 279, 281, 283, 286, 287, 289, 292, 293, 295, 296, 298, 299, 300, 303, 318, 328], "summary": {"covered_lines": 46, "num_statements": 71, "percent_covered": 64.78873239436619, "percent_covered_display": "65", "missing_lines": 25, "excluded_lines": 0, "percent_statements_covered": 64.78873239436619, "percent_statements_covered_display": "65"}, "missing_lines": [189, 226, 248, 275, 280, 282, 284, 288, 290, 305, 306, 307, 308, 309, 310, 311, 312, 313, 314, 315, 320, 321, 323, 324, 325], "excluded_lines": [], "functions": {"DatasetQualityMetric.score": {"executed_lines": [13, 16, 18, 19, 21, 98, 99, 102, 135, 136, 139, 165, 166, 169, 188, 192, 225, 229, 247, 251, 252, 274, 278, 279, 281, 283, 286, 287, 289, 292, 293, 295, 296, 298, 299, 300], "summary": {"covered_lines": 36, "num_statements": 45, "percent_covered": 80.0, "percent_covered_display": "80", "missing_lines": 9, "excluded_lines": 0, "percent_statements_covered": 80.0, "percent_statements_covered_display": "80"}, "missing_lines": [189, 226, 248, 275, 280, 282, 284, 288, 290], "excluded_lines": []}, "score_dataset_quality": {"executed_lines": [], "summary": {"covered_lines": 0, "num_statements": 11, "percent_covered": 0.0, "percent_covered_display": "0", "missing_lines": 11, "excluded_lines": 0, "percent_statements_covered": 0.0, "percent_statements_covered_display": "0"}, "missing_lines": [305, 306, 307, 308, 309, 310, 311, 312, 313, 314, 315], "excluded_lines": []}, "score_dataset_quality_with_latency": {"executed_lines": [], "summary": {"covered_lines": 0, "num_statements": 5, "percent_covered": 0.0, "percent_covered_display": "0", "missing_lines": 5, "excluded_lines": 0, "percent_statements_covered": 0.0, "percent_statements_covered_display": "0"}, "missing_lines": [320, 321, 323, 324, 325], "excluded_lines": []}, "": {"executed_lines": [1, 2, 3, 4, 7, 8, 10, 12, 303, 318, 328], "summary": {"covered_lines": 10, "num_statements": 10, "percent_covered": 100.0, "percent_covered_display": "100", "missing_lines": 0, "excluded_lines": 0, "percent_statements_covered": 100.0, "percent_statements_covered_display": "100"}, "missing_lines": [], "excluded_lines": []}}, "classes": {"DatasetQualityMetric": {"executed_lines": [13, 16, 18, 19, 21, 98, 99, 102, 135, 136, 139, 165, 166, 169, 188, 192, 225, 229, 247, 251, 252, 274, 278, 279, 281, 283, 286, 287, 289, 292, 293, 295, 296, 298, 299, 300], "summary": {"covered_lines": 36, "num_statements": 45, "percent_covered": 80.0, "percent_covered_display": "80", "missing_lines": 9, "excluded_lines": 0, "percent_statements_covered": 80.0, "percent_statements_covered_display": "80"}, "missing_lines": [189, 226, 248, 275, 280, 282, 284, 288, 290], "excluded_lines": []}, "": {"executed_lines": [1, 2, 3, 4, 7, 8, 10, 12, 303, 318, 328], "summary": {"covered_lines": 10, "num_statements": 26, "percent_covered": 38.46153846153846, "percent_covered_display": "38", "missing_lines": 16, "excluded_lines": 0, "percent_statements_covered": 38.46153846153846, "percent_statements_covered_display": "38"}, "missing_lines": [305, 306, 307, 308, 309, 310, 311, 312, 313, 314, 315, 320, 321, 323, 324, 325], "excluded_lines": []}}}, "src/acmecli/metrics/hf_downloads_metric.py": {"executed_lines": [1, 2, 3, 6, 7, 9, 10, 11, 12, 13, 16, 17, 18, 21], "summary": {"covered_lines": 14, "num_statements": 15, "percent_covered": 93.33333333333333, "percent_covered_display": "93", "missing_lines": 1, "excluded_lines": 0, "percent_statements_covered": 93.33333333333333, "percent_statements_covered_display": "93"}, "missing_lines": [15], "excluded_lines": [], "functions": {"HFDownloadsMetric.score": {"executed_lines": [10, 11, 12, 13, 16, 17, 18], "summary": {"covered_lines": 7, "num_statements": 8, "percent_covered": 87.5, "percent_covered_display": "88", "missing_lines": 1, "excluded_lines": 0, "percent_statements_covered": 87.5, "percent_statements_covered_display": "88"}, "missing_lines": [15], "excluded_lines": []}, "": {"executed_lines": [1, 2, 3, 6, 7, 9, 21], "summary": {"covered_lines": 7, "num_statements": 7, "percent_covered": 100.0, "percent_covered_display": "100", "missing_lines": 0, "excluded_lines": 0, "percent_statements_covered": 100.0, "percent_statements_covered_display": "100"}, "missing_lines": [], "excluded_lines": []}}, "classes": {"HFDownloadsMetric": {"executed_lines": [10, 11, 12, 13, 16, 17, 18], "summary": {"covered_lines": 7, "num_statements": 8, "percent_covered": 87.5, "percent_covered_display": "88", "missing_lines": 1, "excluded_lines": 0, "percent_statements_covered": 87.5, "percent_statements_covered_display": "88"}, "missing_lines": [15], "excluded_lines": []}, "": {"executed_lines": [1, 2, 3, 6, 7, 9, 21], "summary": {"covered_lines": 7, "num_statements": 7, "percent_covered": 100.0, "percent_covered_display": "100", "missing_lines": 0, "excluded_lines": 0, "percent_statements_covered": 100.0, "percent_statements_covered_display": "100"}, "missing_lines": [], "excluded_lines": []}}}, "src/acmecli/metrics/license_metric.py": {"executed_lines": [1, 2, 3, 4, 7, 8, 10, 13, 25, 40, 41, 44, 45, 46, 49, 50, 53, 55, 58, 59, 61, 66, 71, 78, 79, 101, 102, 105, 130, 131, 133, 146, 149, 154, 156, 157, 159, 160, 162, 163, 164, 167, 174, 187], "summary": {"covered_lines": 43, "num_statements": 59, "percent_covered": 72.88135593220339, "percent_covered_display": "73", "missing_lines": 16, "excluded_lines": 0, "percent_statements_covered": 72.88135593220339, "percent_statements_covered_display": "73"}, "missing_lines": [56, 64, 72, 73, 75, 147, 169, 170, 171, 176, 177, 178, 180, 182, 183, 184], "excluded_lines": [], "functions": {"LicenseMetric.score": {"executed_lines": [41, 44, 45, 46, 49, 50, 53, 55, 58, 59, 61, 66, 71, 78, 79, 101, 102, 105, 130, 131, 133, 146, 149, 154, 156, 157, 159, 160, 162, 163, 164], "summary": {"covered_lines": 31, "num_statements": 37, "percent_covered": 83.78378378378379, "percent_covered_display": "84", "missing_lines": 6, "excluded_lines": 0, "percent_statements_covered": 83.78378378378379, "percent_statements_covered_display": "84"}, "missing_lines": [56, 64, 72, 73, 75, 147], "excluded_lines": []}, "score_license": {"executed_lines": [], "summary": {"covered_lines": 0, "num_statements": 3, "percent_covered": 0.0, "percent_covered_display": "0", "missing_lines": 3, "excluded_lines": 0, "percent_statements_covered": 0.0, "percent_statements_covered_display": "0"}, "missing_lines": [169, 170, 171], "excluded_lines": []}, "score_license_with_latency": {"executed_lines": [], "summary": {"covered_lines": 0, "num_statements": 7, "percent_covered": 0.0, "percent_covered_display": "0", "missing_lines": 7, "excluded_lines": 0, "percent_statements_covered": 0.0, "percent_statements_covered_display": "0"}, "missing_lines": [176, 177, 178, 180, 182, 183, 184], "excluded_lines": []}, "": {"executed_lines": [1, 2, 3, 4, 7, 8, 10, 13, 25, 40, 167, 174, 187], "summary": {"covered_lines": 12, "num_statements": 12, "percent_covered": 100.0, "percent_covered_display": "100", "missing_lines": 0, "excluded_lines": 0, "percent_statements_covered": 100.0, "percent_statements_covered_display": "100"}, "missing_lines": [], "excluded_lines": []}}, "classes": {"LicenseMetric": {"executed_lines": [41, 44, 45, 46, 49, 50, 53, 55, 58, 59, 61, 66, 71, 78, 79, 101, 102, 105, 130, 131, 133, 146, 149, 154, 156, 157, 159, 160, 162, 163, 164], "summary": {"covered_lines": 31, "num_statements": 37, "percent_covered": 83.78378378378379, "percent_covered_display": "84", "missing_lines": 6, "excluded_lines": 0, "percent_statements_covered": 83.78378378378379, "percent_statements_covered_display": "84"}, "missing_lines": [56, 64, 72, 73, 75, 147], "excluded_lines": []}, "": {"executed_lines": [1, 2, 3, 4, 7, 8, 10, 13, 25, 40, 167, 174, 187], "summary": {"covered_lines": 12, "num_statements": 22, "percent_covered": 54.54545454545455, "percent_covered_display": "55", "missing_lines": 10, "excluded_lines": 0, "percent_statements_covered": 54.54545454545455, "percent_statements_covered_display": "55"}, "missing_lines": [169, 170, 171, 176, 177, 178, 180, 182, 183, 184], "excluded_lines": []}}}, "src/acmecli/metrics/logging_env_metric.py": {"executed_lines": [1, 2, 3, 6, 7, 9, 11, 12, 13, 14, 15, 16, 18, 21, 22, 24, 25, 26, 29], "summary": {"covered_lines": 18, "num_statements": 20, "percent_covered": 90.0, "percent_covered_display": "90", "missing_lines": 2, "excluded_lines": 0, "percent_statements_covered": 90.0, "percent_statements_covered_display": "90"}, "missing_lines": [17, 19], "excluded_lines": [], "functions": {"LoggingEnvMetric.score": {"executed_lines": [12, 13, 14, 15, 16, 18, 21, 22, 24, 25, 26], "summary": {"covered_lines": 11, "num_statements": 13, "percent_covered": 84.61538461538461, "percent_covered_display": "85", "missing_lines": 2, "excluded_lines": 0, "percent_statements_covered": 84.61538461538461, "percent_statements_covered_display": "85"}, "missing_lines": [17, 19], "excluded_lines": []}, "": {"executed_lines": [1, 2, 3, 6, 7, 9, 11, 29], "summary": {"covered_lines": 7, "num_statements": 7, "percent_covered": 100.0, "percent_covered_display": "100", "missing_lines": 0, "excluded_lines": 0, "percent_statements_covered": 100.0, "percent_statements_covered_display": "100"}, "missing_lines": [], "excluded_lines": []}}, "classes": {"LoggingEnvMetric": {"executed_lines": [12, 13, 14, 15, 16, 18, 21, 22, 24, 25, 26], "summary": {"covered_lines": 11, "num_statements": 13, "percent_covered": 84.61538461538461, "percent_covered_display": "85", "missing_lines": 2, "excluded_lines": 0, "percent_statements_covered": 84.61538461538461, "percent_statements_covered_display": "85"}, "missing_lines": [17, 19], "excluded_lines": []}, "": {"executed_lines": [1, 2, 3, 6, 7, 9, 11, 29], "summary": {"covered_lines": 7, "num_statements": 7, "percent_covered": 100.0, "percent_covered_display": "100", "missing_lines": 0, "excluded_lines": 0, "percent_statements_covered": 100.0, "percent_statements_covered_display": "100"}, "missing_lines": [], "excluded_lines": []}}}, "src/acmecli/metrics/performance_claims_metric.py": {"executed_lines": [1, 2, 3, 4, 7, 8, 10, 12, 13, 16, 18, 20, 21, 23, 88, 89, 92, 100, 103, 147, 151, 201, 205, 246, 249, 252, 253, 255, 256, 258, 259, 260, 263], "summary": {"covered_lines": 32, "num_statements": 36, "percent_covered": 88.88888888888889, "percent_covered_display": "89", "missing_lines": 4, "excluded_lines": 0, "percent_statements_covered": 88.88888888888889, "percent_statements_covered_display": "89"}, "missing_lines": [148, 202, 247, 250], "excluded_lines": [], "functions": {"PerformanceClaimsMetric.score": {"executed_lines": [13, 16, 18, 20, 21, 23, 88, 89, 92, 100, 103, 147, 151, 201, 205, 246, 249, 252, 253, 255, 256, 258, 259, 260], "summary": {"covered_lines": 24, "num_statements": 28, "percent_covered": 85.71428571428571, "percent_covered_display": "86", "missing_lines": 4, "excluded_lines": 0, "percent_statements_covered": 85.71428571428571, "percent_statements_covered_display": "86"}, "missing_lines": [148, 202, 247, 250], "excluded_lines": []}, "": {"executed_lines": [1, 2, 3, 4, 7, 8, 10, 12, 263], "summary": {"covered_lines": 8, "num_statements": 8, "percent_covered": 100.0, "percent_covered_display": "100", "missing_lines": 0, "excluded_lines": 0, "percent_statements_covered": 100.0, "percent_statements_covered_display": "100"}, "missing_lines": [], "excluded_lines": []}}, "classes": {"PerformanceClaimsMetric": {"executed_lines": [13, 16, 18, 20, 21, 23, 88, 89, 92, 100, 103, 147, 151, 201, 205, 246, 249, 252, 253, 255, 256, 258, 259, 260], "summary": {"covered_lines": 24, "num_statements": 28, "percent_covered": 85.71428571428571, "percent_covered_display": "86", "missing_lines": 4, "excluded_lines": 0, "percent_statements_covered": 85.71428571428571, "percent_statements_covered_display": "86"}, "missing_lines": [148, 202, 247, 250], "excluded_lines": []}, "": {"executed_lines": [1, 2, 3, 4, 7, 8, 10, 12, 263], "summary": {"covered_lines": 8, "num_statements": 8, "percent_covered": 100.0, "percent_covered_display": "100", "missing_lines": 0, "excluded_lines": 0, "percent_statements_covered": 100.0, "percent_statements_covered_display": "100"}, "missing_lines": [], "excluded_lines": []}}}, "src/acmecli/metrics/ramp_up_metric.py": {"executed_lines": [1, 2, 3, 6, 7, 9, 11, 12, 15, 18, 19, 20, 22, 79, 80, 81, 88, 92, 93, 95, 96, 99, 100, 101, 103, 108, 109, 112, 113, 115, 116, 118, 119, 120, 123], "summary": {"covered_lines": 34, "num_statements": 41, "percent_covered": 82.92682926829268, "percent_covered_display": "83", "missing_lines": 7, "excluded_lines": 0, "percent_statements_covered": 82.92682926829268, "percent_statements_covered_display": "83"}, "missing_lines": [85, 89, 102, 104, 105, 106, 110], "excluded_lines": [], "functions": {"RampUpMetric.score": {"executed_lines": [12, 15, 18, 19, 20, 22, 79, 80, 81, 88, 92, 93, 95, 96, 99, 100, 101, 103, 108, 109, 112, 113, 115, 116, 118, 119, 120], "summary": {"covered_lines": 27, "num_statements": 34, "percent_covered": 79.41176470588235, "percent_covered_display": "79", "missing_lines": 7, "excluded_lines": 0, "percent_statements_covered": 79.41176470588235, "percent_statements_covered_display": "79"}, "missing_lines": [85, 89, 102, 104, 105, 106, 110], "excluded_lines": []}, "": {"executed_lines": [1, 2, 3, 6, 7, 9, 11, 123], "summary": {"covered_lines": 7, "num_statements": 7, "percent_covered": 100.0, "percent_covered_display": "100", "missing_lines": 0, "excluded_lines": 0, "percent_statements_covered": 100.0, "percent_statements_covered_display": "100"}, "missing_lines": [], "excluded_lines": []}}, "classes": {"RampUpMetric": {"executed_lines": [12, 15, 18, 19, 20, 22, 79, 80, 81, 88, 92, 93, 95, 96, 99, 100, 101, 103, 108, 109, 112, 113, 115, 116, 118, 119, 120], "summary": {"covered_lines": 27, "num_statements": 34, "percent_covered": 79.41176470588235, "percent_covered_display": "79", "missing_lines": 7, "excluded_lines": 0, "percent_statements_covered": 79.41176470588235, "percent_statements_covered_display": "79"}, "missing_lines": [85, 89, 102, 104, 105, 106, 110], "excluded_lines": []}, "": {"executed_lines": [1, 2, 3, 6, 7, 9, 11, 123], "summary": {"covered_lines": 7, "num_statements": 7, "percent_covered": 100.0, "percent_covered_display": "100", "missing_lines": 0, "excluded_lines": 0, "percent_statements_covered": 100.0, "percent_statements_covered_display": "100"}, "missing_lines": [], "excluded_lines": []}}}, "src/acmecli/metrics/reproducibility_metric.py": {"executed_lines": [1, 2, 3, 6, 7, 15, 17, 18, 19, 20, 21, 23, 25, 26, 27, 28, 35, 37, 38, 40, 41, 42, 44, 45, 46, 48, 49, 51, 52, 53, 54, 55, 56, 57, 58, 59, 61, 62, 64, 66, 67, 68, 70, 71, 149, 157, 159, 160, 161, 162, 164, 175, 185, 191, 193, 194, 220, 234, 235, 237, 239, 240, 241, 243, 244, 245, 246, 247, 248, 249, 251, 260, 262, 263, 274, 276, 277, 278, 287, 289, 290, 295, 303, 310, 311, 312, 313, 314, 315, 317, 320], "summary": {"covered_lines": 90, "num_statements": 99, "percent_covered": 90.9090909090909, "percent_covered_display": "91", "missing_lines": 9, "excluded_lines": 0, "percent_statements_covered": 90.9090909090909, "percent_statements_covered_display": "91"}, "missing_lines": [29, 30, 31, 32, 33, 34, 252, 253, 258], "excluded_lines": [], "functions": {"ReproducibilityMetric.score": {"executed_lines": [18, 19, 20, 21, 23, 25, 26, 27, 28, 35, 37, 38, 40, 41, 42, 44, 45, 46, 48, 49, 51, 52, 53, 54, 55, 56, 57, 58, 59, 61, 62, 64, 66, 67, 68], "summary": {"covered_lines": 35, "num_statements": 41, "percent_covered": 85.36585365853658, "percent_covered_display": "85", "missing_lines": 6, "excluded_lines": 0, "percent_statements_covered": 85.36585365853658, "percent_statements_covered_display": "85"}, "missing_lines": [29, 30, 31, 32, 33, 34], "excluded_lines": []}, "ReproducibilityMetric._has_demo": {"executed_lines": [71, 149, 157, 159, 160, 161, 162, 164, 175, 185, 191], "summary": {"covered_lines": 11, "num_statements": 11, "percent_covered": 100.0, "percent_covered_display": "100", "missing_lines": 0, "excluded_lines": 0, "percent_statements_covered": 100.0, "percent_statements_covered_display": "100"}, "missing_lines": [], "excluded_lines": []}, "ReproducibilityMetric._has_simple_install": {"executed_lines": [194, 220, 234, 235, 237], "summary": {"covered_lines": 5, "num_statements": 5, "percent_covered": 100.0, "percent_covered_display": "100", "missing_lines": 0, "excluded_lines": 0, "percent_statements_covered": 100.0, "percent_statements_covered_display": "100"}, "missing_lines": [], "excluded_lines": []}, "ReproducibilityMetric._extract_run_target": {"executed_lines": [240, 241, 243, 244, 245, 246, 247, 248, 249, 251, 260], "summary": {"covered_lines": 11, "num_statements": 14, "percent_covered": 78.57142857142857, "percent_covered_display": "79", "missing_lines": 3, "excluded_lines": 0, "percent_statements_covered": 78.57142857142857, "percent_statements_covered_display": "79"}, "missing_lines": [252, 253, 258], "excluded_lines": []}, "ReproducibilityMetric._mentions_secrets": {"executed_lines": [263, 274], "summary": {"covered_lines": 2, "num_statements": 2, "percent_covered": 100.0, "percent_covered_display": "100", "missing_lines": 0, "excluded_lines": 0, "percent_statements_covered": 100.0, "percent_statements_covered_display": "100"}, "missing_lines": [], "excluded_lines": []}, "ReproducibilityMetric._needs_heavy_setup": {"executed_lines": [277, 278, 287], "summary": {"covered_lines": 3, "num_statements": 3, "percent_covered": 100.0, "percent_covered_display": "100", "missing_lines": 0, "excluded_lines": 0, "percent_statements_covered": 100.0, "percent_statements_covered_display": "100"}, "missing_lines": [], "excluded_lines": []}, "ReproducibilityMetric._has_any_code_indicators": {"executed_lines": [290, 295, 303, 310, 311, 312, 313, 314, 315, 317], "summary": {"covered_lines": 10, "num_statements": 10, "percent_covered": 100.0, "percent_covered_display": "100", "missing_lines": 0, "excluded_lines": 0, "percent_statements_covered": 100.0, "percent_statements_covered_display": "100"}, "missing_lines": [], "excluded_lines": []}, "": {"executed_lines": [1, 2, 3, 6, 7, 15, 17, 70, 193, 239, 262, 276, 289, 320], "summary": {"covered_lines": 13, "num_statements": 13, "percent_covered": 100.0, "percent_covered_display": "100", "missing_lines": 0, "excluded_lines": 0, "percent_statements_covered": 100.0, "percent_statements_covered_display": "100"}, "missing_lines": [], "excluded_lines": []}}, "classes": {"ReproducibilityMetric": {"executed_lines": [18, 19, 20, 21, 23, 25, 26, 27, 28, 35, 37, 38, 40, 41, 42, 44, 45, 46, 48, 49, 51, 52, 53, 54, 55, 56, 57, 58, 59, 61, 62, 64, 66, 67, 68, 71, 149, 157, 159, 160, 161, 162, 164, 175, 185, 191, 194, 220, 234, 235, 237, 240, 241, 243, 244, 245, 246, 247, 248, 249, 251, 260, 263, 274, 277, 278, 287, 290, 295, 303, 310, 311, 312, 313, 314, 315, 317], "summary": {"covered_lines": 77, "num_statements": 86, "percent_covered": 89.53488372093024, "percent_covered_display": "90", "missing_lines": 9, "excluded_lines": 0, "percent_statements_covered": 89.53488372093024, "percent_statements_covered_display": "90"}, "missing_lines": [29, 30, 31, 32, 33, 34, 252, 253, 258], "excluded_lines": []}, "": {"executed_lines": [1, 2, 3, 6, 7, 15, 17, 70, 193, 239, 262, 276, 289, 320], "summary": {"covered_lines": 13, "num_statements": 13, "percent_covered": 100.0, "percent_covered_display": "100", "missing_lines": 0, "excluded_lines": 0, "percent_statements_covered": 100.0, "percent_statements_covered_display": "100"}, "missing_lines": [], "excluded_lines": []}}}, "src/acmecli/metrics/reviewedness_metric.py": {"executed_lines": [1, 2, 3, 6, 7, 9, 10, 11, 13, 14, 15, 17, 18, 19, 21, 22, 23, 41, 60, 61, 62, 64, 65, 66, 67, 69, 70, 72, 73, 75, 78, 81, 84, 85, 86, 94, 95, 96, 99, 100, 101, 102, 109, 111, 112, 113, 115, 117, 118, 120, 121, 123, 125, 126, 127, 129, 130, 132, 133, 134, 137], "summary": {"covered_lines": 61, "num_statements": 68, "percent_covered": 89.70588235294117, "percent_covered_display": "90", "missing_lines": 7, "excluded_lines": 0, "percent_statements_covered": 89.70588235294117, "percent_statements_covered_display": "90"}, "missing_lines": [76, 79, 82, 92, 108, 122, 124], "excluded_lines": [], "functions": {"ReviewednessMetric.score": {"executed_lines": [10, 11, 13, 14, 15, 17, 18, 19, 21, 64, 65, 66, 67, 69, 70, 72, 73, 75, 78, 81, 84, 85, 86, 94, 95, 96, 99, 100, 101, 102, 109, 111, 112, 113, 115, 117, 118, 120, 121, 123, 125, 126, 127, 129, 130, 132, 133, 134], "summary": {"covered_lines": 48, "num_statements": 55, "percent_covered": 87.27272727272727, "percent_covered_display": "87", "missing_lines": 7, "excluded_lines": 0, "percent_statements_covered": 87.27272727272727, "percent_statements_covered_display": "87"}, "missing_lines": [76, 79, 82, 92, 108, 122, 124], "excluded_lines": []}, "ReviewednessMetric.score.is_code_file": {"executed_lines": [22, 23, 41, 60, 61, 62], "summary": {"covered_lines": 6, "num_statements": 6, "percent_covered": 100.0, "percent_covered_display": "100", "missing_lines": 0, "excluded_lines": 0, "percent_statements_covered": 100.0, "percent_statements_covered_display": "100"}, "missing_lines": [], "excluded_lines": []}, "": {"executed_lines": [1, 2, 3, 6, 7, 9, 137], "summary": {"covered_lines": 7, "num_statements": 7, "percent_covered": 100.0, "percent_covered_display": "100", "missing_lines": 0, "excluded_lines": 0, "percent_statements_covered": 100.0, "percent_statements_covered_display": "100"}, "missing_lines": [], "excluded_lines": []}}, "classes": {"ReviewednessMetric": {"executed_lines": [10, 11, 13, 14, 15, 17, 18, 19, 21, 22, 23, 41, 60, 61, 62, 64, 65, 66, 67, 69, 70, 72, 73, 75, 78, 81, 84, 85, 86, 94, 95, 96, 99, 100, 101, 102, 109, 111, 112, 113, 115, 117, 118, 120, 121, 123, 125, 126, 127, 129, 130, 132, 133, 134], "summary": {"covered_lines": 54, "num_statements": 61, "percent_covered": 88.52459016393442, "percent_covered_display": "89", "missing_lines": 7, "excluded_lines": 0, "percent_statements_covered": 88.52459016393442, "percent_statements_covered_display": "89"}, "missing_lines": [76, 79, 82, 92, 108, 122, 124], "excluded_lines": []}, "": {"executed_lines": [1, 2, 3, 6, 7, 9, 137], "summary": {"covered_lines": 7, "num_statements": 7, "percent_covered": 100.0, "percent_covered_display": "100", "missing_lines": 0, "excluded_lines": 0, "percent_statements_covered": 100.0, "percent_statements_covered_display": "100"}, "missing_lines": [], "excluded_lines": []}}}, "src/acmecli/metrics/score_dependencies.py": {"executed_lines": [1, 2, 3, 4, 6, 16, 19, 21, 22, 23, 24, 25, 26, 32, 33, 34, 35, 36, 37, 40, 41, 42, 43, 48, 49, 54, 57, 62, 65, 66, 68, 70, 72, 74, 75, 78, 79, 80, 81, 82], "summary": {"covered_lines": 40, "num_statements": 42, "percent_covered": 95.23809523809524, "percent_covered_display": "95", "missing_lines": 2, "excluded_lines": 0, "percent_statements_covered": 95.23809523809524, "percent_statements_covered_display": "95"}, "missing_lines": [50, 51], "excluded_lines": [], "functions": {"_count_deps": {"executed_lines": [21, 22, 23, 24, 25, 26, 32, 33, 34, 35, 36, 37, 40, 41, 42, 43, 48, 49, 54], "summary": {"covered_lines": 19, "num_statements": 21, "percent_covered": 90.47619047619048, "percent_covered_display": "90", "missing_lines": 2, "excluded_lines": 0, "percent_statements_covered": 90.47619047619048, "percent_statements_covered_display": "90"}, "missing_lines": [50, 51], "excluded_lines": []}, "score_dependencies": {"executed_lines": [62, 65, 66, 68, 70, 72, 74, 75], "summary": {"covered_lines": 8, "num_statements": 8, "percent_covered": 100.0, "percent_covered_display": "100", "missing_lines": 0, "excluded_lines": 0, "percent_statements_covered": 100.0, "percent_statements_covered_display": "100"}, "missing_lines": [], "excluded_lines": []}, "score_dependencies_with_latency": {"executed_lines": [79, 80, 81, 82], "summary": {"covered_lines": 4, "num_statements": 4, "percent_covered": 100.0, "percent_covered_display": "100", "missing_lines": 0, "excluded_lines": 0, "percent_statements_covered": 100.0, "percent_statements_covered_display": "100"}, "missing_lines": [], "excluded_lines": []}, "": {"executed_lines": [1, 2, 3, 4, 6, 16, 19, 57, 78], "summary": {"covered_lines": 9, "num_statements": 9, "percent_covered": 100.0, "percent_covered_display": "100", "missing_lines": 0, "excluded_lines": 0, "percent_statements_covered": 100.0, "percent_statements_covered_display": "100"}, "missing_lines": [], "excluded_lines": []}}, "classes": {"": {"executed_lines": [1, 2, 3, 4, 6, 16, 19, 21, 22, 23, 24, 25, 26, 32, 33, 34, 35, 36, 37, 40, 41, 42, 43, 48, 49, 54, 57, 62, 65, 66, 68, 70, 72, 74, 75, 78, 79, 80, 81, 82], "summary": {"covered_lines": 40, "num_statements": 42, "percent_covered": 95.23809523809524, "percent_covered_display": "95", "missing_lines": 2, "excluded_lines": 0, "percent_statements_covered": 95.23809523809524, "percent_statements_covered_display": "95"}, "missing_lines": [50, 51], "excluded_lines": []}}}, "src/acmecli/metrics/score_pull_requests.py": {"executed_lines": [1, 2, 4, 20, 22, 23, 24, 25, 28, 29, 31, 32, 33, 35, 37, 39, 40, 41, 42, 43, 44, 46, 47, 48, 50, 53, 54, 55, 56, 57], "summary": {"covered_lines": 30, "num_statements": 30, "percent_covered": 100.0, "percent_covered_display": "100", "missing_lines": 0, "excluded_lines": 0, "percent_statements_covered": 100.0, "percent_statements_covered_display": "100"}, "missing_lines": [], "excluded_lines": [], "functions": {"_extract_github": {"executed_lines": [22, 23, 24, 25], "summary": {"covered_lines": 4, "num_statements": 4, "percent_covered": 100.0, "percent_covered_display": "100", "missing_lines": 0, "excluded_lines": 0, "percent_statements_covered": 100.0, "percent_statements_covered_display": "100"}, "missing_lines": [], "excluded_lines": []}, "score_pull_requests": {"executed_lines": [29, 31, 32, 33, 35, 37, 39, 40, 41, 42, 43, 44, 46, 47, 48, 50], "summary": {"covered_lines": 16, "num_statements": 16, "percent_covered": 100.0, "percent_covered_display": "100", "missing_lines": 0, "excluded_lines": 0, "percent_statements_covered": 100.0, "percent_statements_covered_display": "100"}, "missing_lines": [], "excluded_lines": []}, "score_pull_requests_with_latency": {"executed_lines": [54, 55, 56, 57], "summary": {"covered_lines": 4, "num_statements": 4, "percent_covered": 100.0, "percent_covered_display": "100", "missing_lines": 0, "excluded_lines": 0, "percent_statements_covered": 100.0, "percent_statements_covered_display": "100"}, "missing_lines": [], "excluded_lines": []}, "": {"executed_lines": [1, 2, 4, 20, 28, 53], "summary": {"covered_lines": 6, "num_statements": 6, "percent_covered": 100.0, "percent_covered_display": "100", "missing_lines": 0, "excluded_lines": 0, "percent_statements_covered": 100.0, "percent_statements_covered_display": "100"}, "missing_lines": [], "excluded_lines": []}}, "classes": {"": {"executed_lines": [1, 2, 4, 20, 22, 23, 24, 25, 28, 29, 31, 32, 33, 35, 37, 39, 40, 41, 42, 43, 44, 46, 47, 48, 50, 53, 54, 55, 56, 57], "summary": {"covered_lines": 30, "num_statements": 30, "percent_covered": 100.0, "percent_covered_display": "100", "missing_lines": 0, "excluded_lines": 0, "percent_statements_covered": 100.0, "percent_statements_covered_display": "100"}, "missing_lines": [], "excluded_lines": []}}}, "src/acmecli/metrics/size_metric.py": {"executed_lines": [1, 2, 3, 4, 7, 8, 10, 13, 14, 17, 21, 28, 29, 30, 31, 32, 33, 44, 45, 47, 52, 53, 54, 59, 60, 63, 65, 66, 69], "summary": {"covered_lines": 28, "num_statements": 35, "percent_covered": 80.0, "percent_covered_display": "80", "missing_lines": 7, "excluded_lines": 0, "percent_statements_covered": 80.0, "percent_statements_covered_display": "80"}, "missing_lines": [34, 35, 36, 37, 38, 39, 41], "excluded_lines": [], "functions": {"SizeMetric.score": {"executed_lines": [14, 17, 21, 28, 29, 30, 31, 32, 33, 44, 45, 47, 52, 53, 54, 59, 60, 63, 65, 66], "summary": {"covered_lines": 20, "num_statements": 27, "percent_covered": 74.07407407407408, "percent_covered_display": "74", "missing_lines": 7, "excluded_lines": 0, "percent_statements_covered": 74.07407407407408, "percent_statements_covered_display": "74"}, "missing_lines": [34, 35, 36, 37, 38, 39, 41], "excluded_lines": []}, "": {"executed_lines": [1, 2, 3, 4, 7, 8, 10, 13, 69], "summary": {"covered_lines": 8, "num_statements": 8, "percent_covered": 100.0, "percent_covered_display": "100", "missing_lines": 0, "excluded_lines": 0, "percent_statements_covered": 100.0, "percent_statements_covered_display": "100"}, "missing_lines": [], "excluded_lines": []}}, "classes": {"SizeMetric": {"executed_lines": [14, 17, 21, 28, 29, 30, 31, 32, 33, 44, 45, 47, 52, 53, 54, 59, 60, 63, 65, 66], "summary": {"covered_lines": 20, "num_statements": 27, "percent_covered": 74.07407407407408, "percent_covered_display": "74", "missing_lines": 7, "excluded_lines": 0, "percent_statements_covered": 74.07407407407408, "percent_statements_covered_display": "74"}, "missing_lines": [34, 35, 36, 37, 38, 39, 41], "excluded_lines": []}, "": {"executed_lines": [1, 2, 3, 4, 7, 8, 10, 13, 69], "summary": {"covered_lines": 8, "num_statements": 8, "percent_covered": 100.0, "percent_covered_display": "100", "missing_lines": 0, "excluded_lines": 0, "percent_statements_covered": 100.0, "percent_statements_covered_display": "100"}, "missing_lines": [], "excluded_lines": []}}}, "src/acmecli/metrics/treescore_metric.py": {"executed_lines": [1, 2, 3, 4, 5, 8, 9, 11, 12, 13, 15, 16, 17, 18, 19, 20, 21, 34, 35, 36, 40, 41, 42, 43, 45, 46, 47, 48, 50, 58, 60, 65, 67, 68, 69, 70, 72, 78, 79, 80, 83, 85, 86, 87, 90, 95, 97, 100, 101, 102, 103, 105, 106, 108, 109, 110, 111, 112, 113, 114, 115, 116, 117, 118, 125, 127, 134, 135, 137, 138, 162, 163, 164, 165, 167, 169, 170, 171, 172, 176, 177, 178, 179, 181, 182, 183, 184, 186, 194, 195, 196, 197, 199, 200, 201, 202, 203, 204, 206, 214, 215, 216, 217, 218, 220, 221, 222, 223, 224, 228, 229, 230, 231, 233, 234, 235, 236, 237, 238, 239, 240, 241, 242, 244, 252, 253, 254, 255, 270, 271, 272, 273, 274, 276, 284, 285, 286, 287, 303, 304, 305, 306, 307, 308, 309, 311, 319, 320, 321, 322, 323, 325, 333, 334, 335, 336, 338, 340, 341, 342, 343, 344, 346, 414, 415, 417, 418, 419, 422, 425, 428, 431, 434, 437, 440, 443, 446], "summary": {"covered_lines": 177, "num_statements": 265, "percent_covered": 66.79245283018868, "percent_covered_display": "67", "missing_lines": 88, "excluded_lines": 0, "percent_statements_covered": 66.79245283018868, "percent_statements_covered_display": "67"}, "missing_lines": [22, 23, 24, 25, 26, 27, 28, 29, 30, 31, 32, 37, 38, 51, 52, 53, 54, 56, 92, 98, 119, 120, 121, 122, 123, 124, 174, 187, 188, 189, 190, 192, 207, 208, 209, 210, 212, 226, 245, 246, 247, 248, 250, 256, 258, 259, 260, 261, 262, 264, 266, 267, 268, 269, 277, 278, 279, 280, 282, 288, 290, 291, 292, 293, 294, 296, 298, 299, 300, 301, 312, 313, 314, 315, 317, 326, 327, 328, 329, 331, 420, 423, 426, 429, 432, 435, 438, 441], "excluded_lines": [], "functions": {"TreescoreMetric.score": {"executed_lines": [12, 13, 15, 16, 17, 18, 19, 20, 21, 34, 35, 36, 40, 41, 42, 43, 45, 46, 47, 48, 50, 58, 60, 65, 67, 68, 69, 70], "summary": {"covered_lines": 28, "num_statements": 46, "percent_covered": 60.869565217391305, "percent_covered_display": "61", "missing_lines": 18, "excluded_lines": 0, "percent_statements_covered": 60.869565217391305, "percent_statements_covered_display": "61"}, "missing_lines": [22, 23, 24, 25, 26, 27, 28, 29, 30, 31, 32, 37, 38, 51, 52, 53, 54, 56], "excluded_lines": []}, "TreescoreMetric._lookup_parent_score": {"executed_lines": [78, 79, 80, 83, 85, 86, 87, 90, 95, 97, 100, 101, 102, 103, 105, 106, 108, 109, 110, 111, 112, 113, 114, 115, 116, 117, 118, 125], "summary": {"covered_lines": 28, "num_statements": 36, "percent_covered": 77.77777777777777, "percent_covered_display": "78", "missing_lines": 8, "excluded_lines": 0, "percent_statements_covered": 77.77777777777777, "percent_statements_covered_display": "78"}, "missing_lines": [92, 98, 119, 120, 121, 122, 123, 124], "excluded_lines": []}, "TreescoreMetric._extract_parents": {"executed_lines": [134, 135, 137, 138, 162, 163, 164, 165, 167, 169, 170, 171, 172, 176, 177, 178, 179, 181, 182, 183, 184, 186, 194, 195, 196, 197, 199, 200, 201, 202, 203, 204, 206, 214, 215, 216, 217, 218, 220, 221, 222, 223, 224, 228, 229, 230, 231, 233, 234, 235, 236, 237, 238, 239, 240, 241, 242, 244, 252, 253, 254, 255, 270, 271, 272, 273, 274, 276, 284, 285, 286, 287, 303, 304, 305, 306, 307, 308, 309, 311, 319, 320, 321, 322, 323, 325, 333, 334, 335, 336, 338], "summary": {"covered_lines": 91, "num_statements": 145, "percent_covered": 62.758620689655174, "percent_covered_display": "63", "missing_lines": 54, "excluded_lines": 0, "percent_statements_covered": 62.758620689655174, "percent_statements_covered_display": "63"}, "missing_lines": [174, 187, 188, 189, 190, 192, 207, 208, 209, 210, 212, 226, 245, 246, 247, 248, 250, 256, 258, 259, 260, 261, 262, 264, 266, 267, 268, 269, 277, 278, 279, 280, 282, 288, 290, 291, 292, 293, 294, 296, 298, 299, 300, 301, 312, 313, 314, 315, 317, 326, 327, 328, 329, 331], "excluded_lines": []}, "TreescoreMetric._has_lineage_indicators": {"executed_lines": [341, 342, 343, 344, 346, 414, 415, 417, 418, 419, 422, 425, 428, 431, 434, 437, 440, 443], "summary": {"covered_lines": 18, "num_statements": 26, "percent_covered": 69.23076923076923, "percent_covered_display": "69", "missing_lines": 8, "excluded_lines": 0, "percent_statements_covered": 69.23076923076923, "percent_statements_covered_display": "69"}, "missing_lines": [420, 423, 426, 429, 432, 435, 438, 441], "excluded_lines": []}, "": {"executed_lines": [1, 2, 3, 4, 5, 8, 9, 11, 72, 127, 340, 446], "summary": {"covered_lines": 12, "num_statements": 12, "percent_covered": 100.0, "percent_covered_display": "100", "missing_lines": 0, "excluded_lines": 0, "percent_statements_covered": 100.0, "percent_statements_covered_display": "100"}, "missing_lines": [], "excluded_lines": []}}, "classes": {"TreescoreMetric": {"executed_lines": [12, 13, 15, 16, 17, 18, 19, 20, 21, 34, 35, 36, 40, 41, 42, 43, 45, 46, 47, 48, 50, 58, 60, 65, 67, 68, 69, 70, 78, 79, 80, 83, 85, 86, 87, 90, 95, 97, 100, 101, 102, 103, 105, 106, 108, 109, 110, 111, 112, 113, 114, 115, 116, 117, 118, 125, 134, 135, 137, 138, 162, 163, 164, 165, 167, 169, 170, 171, 172, 176, 177, 178, 179, 181, 182, 183, 184, 186, 194, 195, 196, 197, 199, 200, 201, 202, 203, 204, 206, 214, 215, 216, 217, 218, 220, 221, 222, 223, 224, 228, 229, 230, 231, 233, 234, 235, 236, 237, 238, 239, 240, 241, 242, 244, 252, 253, 254, 255, 270, 271, 272, 273, 274, 276, 284, 285, 286, 287, 303, 304, 305, 306, 307, 308, 309, 311, 319, 320, 321, 322, 323, 325, 333, 334, 335, 336, 338, 341, 342, 343, 344, 346, 414, 415, 417, 418, 419, 422, 425, 428, 431, 434, 437, 440, 443], "summary": {"covered_lines": 165, "num_statements": 253, "percent_covered": 65.21739130434783, "percent_covered_display": "65", "missing_lines": 88, "excluded_lines": 0, "percent_statements_covered": 65.21739130434783, "percent_statements_covered_display": "65"}, "missing_lines": [22, 23, 24, 25, 26, 27, 28, 29, 30, 31, 32, 37, 38, 51, 52, 53, 54, 56, 92, 98, 119, 120, 121, 122, 123, 124, 174, 187, 188, 189, 190, 192, 207, 208, 209, 210, 212, 226, 245, 246, 247, 248, 250, 256, 258, 259, 260, 261, 262, 264, 266, 267, 268, 269, 277, 278, 279, 280, 282, 288, 290, 291, 292, 293, 294, 296, 298, 299, 300, 301, 312, 313, 314, 315, 317, 326, 327, 328, 329, 331, 420, 423, 426, 429, 432, 435, 438, 441], "excluded_lines": []}, "": {"executed_lines": [1, 2, 3, 4, 5, 8, 9, 11, 72, 127, 340, 446], "summary": {"covered_lines": 12, "num_statements": 12, "percent_covered": 100.0, "percent_covered_display": "100", "missing_lines": 0, "excluded_lines": 0, "percent_statements_covered": 100.0, "percent_statements_covered_display": "100"}, "missing_lines": [], "excluded_lines": []}}}, "src/acmecli/reporter.py": {"executed_lines": [1, 2, 3, 6, 10, 11, 13, 15], "summary": {"covered_lines": 7, "num_statements": 8, "percent_covered": 87.5, "percent_covered_display": "88", "missing_lines": 1, "excluded_lines": 0, "percent_statements_covered": 87.5, "percent_statements_covered_display": "88"}, "missing_lines": [7], "excluded_lines": [], "functions": {"write_ndjson": {"executed_lines": [], "summary": {"covered_lines": 0, "num_statements": 1, "percent_covered": 0.0, "percent_covered_display": "0", "missing_lines": 1, "excluded_lines": 0, "percent_statements_covered": 0.0, "percent_statements_covered_display": "0"}, "missing_lines": [7], "excluded_lines": []}, "Reporter.format": {"executed_lines": [15], "summary": {"covered_lines": 1, "num_statements": 1, "percent_covered": 100.0, "percent_covered_display": "100", "missing_lines": 0, "excluded_lines": 0, "percent_statements_covered": 100.0, "percent_statements_covered_display": "100"}, "missing_lines": [], "excluded_lines": []}, "": {"executed_lines": [1, 2, 3, 6, 10, 11, 13], "summary": {"covered_lines": 6, "num_statements": 6, "percent_covered": 100.0, "percent_covered_display": "100", "missing_lines": 0, "excluded_lines": 0, "percent_statements_covered": 100.0, "percent_statements_covered_display": "100"}, "missing_lines": [], "excluded_lines": []}}, "classes": {"Reporter": {"executed_lines": [15], "summary": {"covered_lines": 1, "num_statements": 1, "percent_covered": 100.0, "percent_covered_display": "100", "missing_lines": 0, "excluded_lines": 0, "percent_statements_covered": 100.0, "percent_statements_covered_display": "100"}, "missing_lines": [], "excluded_lines": []}, "": {"executed_lines": [1, 2, 3, 6, 10, 11, 13], "summary": {"covered_lines": 6, "num_statements": 7, "percent_covered": 85.71428571428571, "percent_covered_display": "86", "missing_lines": 1, "excluded_lines": 0, "percent_statements_covered": 85.71428571428571, "percent_statements_covered_display": "86"}, "missing_lines": [7], "excluded_lines": []}}}, "src/acmecli/scoring.py": {"executed_lines": [1, 4, 7, 21, 22, 24, 25, 26, 27, 30, 32, 33, 39, 41, 42, 43, 46, 48, 50], "summary": {"covered_lines": 19, "num_statements": 20, "percent_covered": 95.0, "percent_covered_display": "95", "missing_lines": 1, "excluded_lines": 0, "percent_statements_covered": 95.0, "percent_statements_covered_display": "95"}, "missing_lines": [49], "excluded_lines": [], "functions": {"compute_net_score": {"executed_lines": [7, 21, 22, 24, 25, 26, 27, 30, 32, 33, 39, 41, 42, 43], "summary": {"covered_lines": 14, "num_statements": 14, "percent_covered": 100.0, "percent_covered_display": "100", "missing_lines": 0, "excluded_lines": 0, "percent_statements_covered": 100.0, "percent_statements_covered_display": "100"}, "missing_lines": [], "excluded_lines": []}, "compute_netscore": {"executed_lines": [48, 50], "summary": {"covered_lines": 2, "num_statements": 3, "percent_covered": 66.66666666666667, "percent_covered_display": "67", "missing_lines": 1, "excluded_lines": 0, "percent_statements_covered": 66.66666666666667, "percent_statements_covered_display": "67"}, "missing_lines": [49], "excluded_lines": []}, "": {"executed_lines": [1, 4, 46], "summary": {"covered_lines": 3, "num_statements": 3, "percent_covered": 100.0, "percent_covered_display": "100", "missing_lines": 0, "excluded_lines": 0, "percent_statements_covered": 100.0, "percent_statements_covered_display": "100"}, "missing_lines": [], "excluded_lines": []}}, "classes": {"": {"executed_lines": [1, 4, 7, 21, 22, 24, 25, 26, 27, 30, 32, 33, 39, 41, 42, 43, 46, 48, 50], "summary": {"covered_lines": 19, "num_statements": 20, "percent_covered": 95.0, "percent_covered_display": "95", "missing_lines": 1, "excluded_lines": 0, "percent_statements_covered": 95.0, "percent_statements_covered_display": "95"}, "missing_lines": [49], "excluded_lines": []}}}, "src/acmecli/types.py": {"executed_lines": [1, 2, 4, 5, 8, 9, 10, 11, 12, 13, 14, 17, 18, 19, 20, 21, 22, 25, 26, 27, 28, 29, 32, 33, 35, 36, 37, 38, 39, 40, 41, 42, 43, 44, 45, 46, 47, 48, 49, 50, 51, 52, 53, 54, 55, 56, 57, 58, 59, 60, 63, 64, 65, 66, 71, 72, 73, 76, 77, 79, 82], "summary": {"covered_lines": 54, "num_statements": 54, "percent_covered": 100.0, "percent_covered_display": "100", "missing_lines": 0, "excluded_lines": 16, "percent_statements_covered": 100.0, "percent_statements_covered_display": "100"}, "missing_lines": [], "excluded_lines": [64, 65, 66, 67, 68, 69, 70, 72, 73, 74, 75, 79, 80, 81, 82, 83], "functions": {"SourceHandler.resolve_revision": {"executed_lines": [64], "summary": {"covered_lines": 0, "num_statements": 0, "percent_covered": 100.0, "percent_covered_display": "100", "missing_lines": 0, "excluded_lines": 1, "percent_statements_covered": 100.0, "percent_statements_covered_display": "100"}, "missing_lines": [], "excluded_lines": [64]}, "SourceHandler.fetch_meta": {"executed_lines": [65], "summary": {"covered_lines": 0, "num_statements": 0, "percent_covered": 100.0, "percent_covered_display": "100", "missing_lines": 0, "excluded_lines": 1, "percent_statements_covered": 100.0, "percent_statements_covered_display": "100"}, "missing_lines": [], "excluded_lines": [65]}, "SourceHandler.stream_files": {"executed_lines": [], "summary": {"covered_lines": 0, "num_statements": 0, "percent_covered": 100.0, "percent_covered_display": "100", "missing_lines": 0, "excluded_lines": 1, "percent_statements_covered": 100.0, "percent_statements_covered_display": "100"}, "missing_lines": [], "excluded_lines": [68]}, "Cache.get": {"executed_lines": [72], "summary": {"covered_lines": 0, "num_statements": 0, "percent_covered": 100.0, "percent_covered_display": "100", "missing_lines": 0, "excluded_lines": 1, "percent_statements_covered": 100.0, "percent_statements_covered_display": "100"}, "missing_lines": [], "excluded_lines": [72]}, "Cache.set": {"executed_lines": [73], "summary": {"covered_lines": 0, "num_statements": 0, "percent_covered": 100.0, "percent_covered_display": "100", "missing_lines": 0, "excluded_lines": 1, "percent_statements_covered": 100.0, "percent_statements_covered_display": "100"}, "missing_lines": [], "excluded_lines": [73]}, "Metric.collect": {"executed_lines": [], "summary": {"covered_lines": 0, "num_statements": 0, "percent_covered": 100.0, "percent_covered_display": "100", "missing_lines": 0, "excluded_lines": 1, "percent_statements_covered": 100.0, "percent_statements_covered_display": "100"}, "missing_lines": [], "excluded_lines": [81]}, "Metric.score": {"executed_lines": [82], "summary": {"covered_lines": 0, "num_statements": 0, "percent_covered": 100.0, "percent_covered_display": "100", "missing_lines": 0, "excluded_lines": 1, "percent_statements_covered": 100.0, "percent_statements_covered_display": "100"}, "missing_lines": [], "excluded_lines": [82]}, "": {"executed_lines": [1, 2, 4, 5, 8, 9, 10, 11, 12, 13, 14, 17, 18, 19, 20, 21, 22, 25, 26, 27, 28, 29, 32, 33, 35, 36, 37, 38, 39, 40, 41, 42, 43, 44, 45, 46, 47, 48, 49, 50, 51, 52, 53, 54, 55, 56, 57, 58, 59, 60, 63, 66, 71, 76, 77, 79], "summary": {"covered_lines": 54, "num_statements": 54, "percent_covered": 100.0, "percent_covered_display": "100", "missing_lines": 0, "excluded_lines": 8, "percent_statements_covered": 100.0, "percent_statements_covered_display": "100"}, "missing_lines": [], "excluded_lines": [66, 67, 69, 70, 74, 75, 79, 80]}}, "classes": {"TargetSpec": {"executed_lines": [], "summary": {"covered_lines": 0, "num_statements": 0, "percent_covered": 100.0, "percent_covered_display": "100", "missing_lines": 0, "excluded_lines": 0, "percent_statements_covered": 100.0, "percent_statements_covered_display": "100"}, "missing_lines": [], "excluded_lines": []}, "Signals": {"executed_lines": [], "summary": {"covered_lines": 0, "num_statements": 0, "percent_covered": 100.0, "percent_covered_display": "100", "missing_lines": 0, "excluded_lines": 0, "percent_statements_covered": 100.0, "percent_statements_covered_display": "100"}, "missing_lines": [], "excluded_lines": []}, "MetricValue": {"executed_lines": [], "summary": {"covered_lines": 0, "num_statements": 0, "percent_covered": 100.0, "percent_covered_display": "100", "missing_lines": 0, "excluded_lines": 0, "percent_statements_covered": 100.0, "percent_statements_covered_display": "100"}, "missing_lines": [], "excluded_lines": []}, "ReportRow": {"executed_lines": [], "summary": {"covered_lines": 0, "num_statements": 0, "percent_covered": 100.0, "percent_covered_display": "100", "missing_lines": 0, "excluded_lines": 0, "percent_statements_covered": 100.0, "percent_statements_covered_display": "100"}, "missing_lines": [], "excluded_lines": []}, "SourceHandler": {"executed_lines": [64, 65], "summary": {"covered_lines": 0, "num_statements": 0, "percent_covered": 100.0, "percent_covered_display": "100", "missing_lines": 0, "excluded_lines": 3, "percent_statements_covered": 100.0, "percent_statements_covered_display": "100"}, "missing_lines": [], "excluded_lines": [64, 65, 68]}, "Cache": {"executed_lines": [72, 73], "summary": {"covered_lines": 0, "num_statements": 0, "percent_covered": 100.0, "percent_covered_display": "100", "missing_lines": 0, "excluded_lines": 2, "percent_statements_covered": 100.0, "percent_statements_covered_display": "100"}, "missing_lines": [], "excluded_lines": [72, 73]}, "Metric": {"executed_lines": [82], "summary": {"covered_lines": 0, "num_statements": 0, "percent_covered": 100.0, "percent_covered_display": "100", "missing_lines": 0, "excluded_lines": 2, "percent_statements_covered": 100.0, "percent_statements_covered_display": "100"}, "missing_lines": [], "excluded_lines": [81, 82]}, "": {"executed_lines": [1, 2, 4, 5, 8, 9, 10, 11, 12, 13, 14, 17, 18, 19, 20, 21, 22, 25, 26, 27, 28, 29, 32, 33, 35, 36, 37, 38, 39, 40, 41, 42, 43, 44, 45, 46, 47, 48, 49, 50, 51, 52, 53, 54, 55, 56, 57, 58, 59, 60, 63, 66, 71, 76, 77, 79], "summary": {"covered_lines": 54, "num_statements": 54, "percent_covered": 100.0, "percent_covered_display": "100", "missing_lines": 0, "excluded_lines": 8, "percent_statements_covered": 100.0, "percent_statements_covered_display": "100"}, "missing_lines": [], "excluded_lines": [66, 67, 69, 70, 74, 75, 79, 80]}}}, "src/entrypoint.py": {"executed_lines": [], "summary": {"covered_lines": 0, "num_statements": 9, "percent_covered": 0.0, "percent_covered_display": "0", "missing_lines": 9, "excluded_lines": 0, "percent_statements_covered": 0.0, "percent_statements_covered_display": "0"}, "missing_lines": [1, 3, 5, 6, 9, 13, 14, 15, 16], "excluded_lines": [], "functions": {"": {"executed_lines": [], "summary": {"covered_lines": 0, "num_statements": 9, "percent_covered": 0.0, "percent_covered_display": "0", "missing_lines": 9, "excluded_lines": 0, "percent_statements_covered": 0.0, "percent_statements_covered_display": "0"}, "missing_lines": [1, 3, 5, 6, 9, 13, 14, 15, 16], "excluded_lines": []}}, "classes": {"": {"executed_lines": [], "summary": {"covered_lines":
[...]
_covered_display": "100", "missing_lines": 0, "excluded_lines": 0, "percent_statements_covered": 100.0, "percent_statements_covered_display": "100"}, "missing_lines": [], "excluded_lines": []}, "get_model_lineage_from_config": {"executed_lines": [1016, 1017, 1018, 1019, 1020, 1021, 1022, 1023, 1024, 1025, 1026], "summary": {"covered_lines": 11, "num_statements": 14, "percent_covered": 78.57142857142857, "percent_covered_display": "79", "missing_lines": 3, "excluded_lines": 0, "percent_statements_covered": 78.57142857142857, "percent_statements_covered_display": "79"}, "missing_lines": [1032, 1033, 1034], "excluded_lines": []}, "sign_request": {"executed_lines": [1038, 1039, 1042, 1043], "summary": {"covered_lines": 4, "num_statements": 4, "percent_covered": 100.0, "percent_covered_display": "100", "missing_lines": 0, "excluded_lines": 0, "percent_statements_covered": 100.0, "percent_statements_covered_display": "100"}, "missing_lines": [], "excluded_lines": []}, "send_request": {"executed_lines": [1047, 1050, 1051, 1052, 1053, 1054, 1055, 1056], "summary": {"covered_lines": 8, "num_statements": 8, "percent_covered": 100.0, "percent_covered_display": "100", "missing_lines": 0, "excluded_lines": 0, "percent_statements_covered": 100.0, "percent_statements_covered_display": "100"}, "missing_lines": [], "excluded_lines": []}, "write_to_neptune": {"executed_lines": [1060, 1061, 1062, 1063, 1064, 1065, 1066, 1069, 1070, 1073, 1074, 1075, 1078, 1079, 1082, 1084, 1114, 1115, 1119, 1120, 1121, 1122, 1123], "summary": {"covered_lines": 23, "num_statements": 23, "percent_covered": 100.0, "percent_covered_display": "100", "missing_lines": 0, "excluded_lines": 0, "percent_statements_covered": 100.0, "percent_statements_covered_display": "100"}, "missing_lines": [], "excluded_lines": []}, "write_to_neptune.process_node": {"executed_lines": [1085, 1086, 1089, 1090, 1093, 1094, 1095, 1096, 1099, 1100, 1103, 1104, 1105, 1108, 1109, 1112], "summary": {"covered_lines": 16, "num_statements": 16, "percent_covered": 100.0, "percent_covered_display": "100", "missing_lines": 0, "excluded_lines": 0, "percent_statements_covered": 100.0, "percent_statements_covered_display": "100"}, "missing_lines": [], "excluded_lines": []}, "sync_model_lineage_to_neptune": {"executed_lines": [1127, 1128, 1129, 1130, 1131, 1132, 1133, 1134, 1135, 1136, 1137, 1138, 1139, 1140, 1141, 1142, 1143, 1144, 1146, 1147, 1153, 1154, 1155, 1160, 1161, 1162], "summary": {"covered_lines": 26, "num_statements": 29, "percent_covered": 89.65517241379311, "percent_covered_display": "90", "missing_lines": 3, "excluded_lines": 0, "percent_statements_covered": 89.65517241379311, "percent_statements_covered_display": "90"}, "missing_lines": [1150, 1151, 1152], "excluded_lines": []}, "download_file": {"executed_lines": [1166, 1167, 1168, 1169, 1170, 1171, 1172], "summary": {"covered_lines": 7, "num_statements": 7, "percent_covered": 100.0, "percent_covered_display": "100", "missing_lines": 0, "excluded_lines": 0, "percent_statements_covered": 100.0, "percent_statements_covered_display": "100"}, "missing_lines": [], "excluded_lines": []}, "download_from_huggingface": {"executed_lines": [1176, 1177, 1178, 1179, 1180, 1183, 1184, 1185, 1186, 1187, 1191, 1192, 1197, 1198, 1203, 1204, 1205, 1206, 1211, 1212, 1213, 1214, 1216, 1217, 1218, 1219, 1220, 1222, 1231, 1232, 1237, 1245, 1246, 1247, 1248, 1252, 1253, 1254, 1255, 1256, 1257, 1258, 1259, 1263, 1269, 1270, 1276, 1277, 1278], "summary": {"covered_lines": 49, "num_statements": 59, "percent_covered": 83.05084745762711, "percent_covered_display": "83", "missing_lines": 10, "excluded_lines": 0, "percent_statements_covered": 83.05084745762711, "percent_statements_covered_display": "83"}, "missing_lines": [1181, 1221, 1229, 1260, 1261, 1264, 1271, 1279, 1280, 1284], "excluded_lines": []}, "model_ingestion": {"executed_lines": [1291, 1292, 1293, 1295, 1296, 1297, 1298, 1300, 1301, 1302, 1304, 1305, 1306, 1311, 1324, 1325, 1326, 1327, 1328, 1330, 1331, 1332, 1333, 1334, 1335, 1336, 1337, 1338, 1339, 1340, 1341, 1342, 1343, 1344, 1345, 1346, 1347, 1348, 1349, 1351, 1352, 1354, 1355, 1359, 1360, 1361, 1362, 1363, 1364, 1365, 1366, 1367, 1368, 1372, 1373, 1374, 1375, 1386, 1387, 1388, 1389, 1399, 1400, 1407, 1408, 1409, 1436, 1438, 1439, 1441, 1444, 1445, 1446, 1627, 1628, 1633, 1652, 1653, 1657, 1658, 1660, 1661, 1663, 1664, 1665, 1666, 1669, 1670, 1671, 1672, 1673, 1674, 1675, 1677, 1690, 1691, 1692, 1694, 1695, 1697, 1710, 1711, 1712, 1713, 1714, 1715, 1720, 1722, 1723, 1727, 1728, 1729, 1731, 1744, 1745, 1746, 1747, 1754, 1755], "summary": {"covered_lines": 119, "num_statements": 303, "percent_covered": 39.273927392739274, "percent_covered_display": "39", "missing_lines": 184, "excluded_lines": 0, "percent_statements_covered": 39.273927392739274, "percent_statements_covered_display": "39"}, "missing_lines": [1376, 1377, 1378, 1379, 1380, 1381, 1382, 1390, 1391, 1392, 1393, 1394, 1395, 1396, 1410, 1412, 1413, 1414, 1416, 1417, 1418, 1419, 1420, 1421, 1422, 1423, 1424, 1425, 1431, 1434, 1435, 1447, 1448, 1449, 1450, 1452, 1455, 1456, 1457, 1459, 1463, 1467, 1470, 1471, 1472, 1475, 1476, 1479, 1480, 1481, 1482, 1484, 1485, 1486, 1487, 1488, 1489, 1490, 1491, 1493, 1494, 1495, 1496, 1499, 1500, 1502, 1503, 1504, 1505, 1506, 1509, 1510, 1511, 1512, 1513, 1514, 1518, 1522, 1523, 1524, 1525, 1528, 1529, 1530, 1531, 1533, 1534, 1535, 1536, 1537, 1539, 1540, 1541, 1542, 1543, 1547, 1548, 1549, 1551, 1552, 1553, 1554, 1555, 1556, 1558, 1559, 1560, 1561, 1562, 1564, 1566, 1567, 1568, 1569, 1570, 1571, 1573, 1575, 1576, 1577, 1578, 1579, 1581, 1582, 1583, 1584, 1585, 1587, 1588, 1589, 1590, 1591, 1592, 1593, 1594, 1597, 1598, 1599, 1600, 1601, 1604, 1605, 1606, 1607, 1608, 1609, 1610, 1613, 1614, 1615, 1618, 1619, 1620, 1621, 1624, 1634, 1637, 1640, 1643, 1644, 1649, 1650, 1651, 1654, 1655, 1656, 1716, 1717, 1718, 1719, 1721, 1725, 1726, 1730, 1732, 1733, 1734, 1756, 1757, 1759, 1760, 1761, 1762, 1763], "excluded_lines": []}, "": {"executed_lines": [1, 2, 3, 4, 5, 6, 7, 8, 9, 10, 11, 12, 13, 14, 15, 16, 17, 18, 19, 20, 21, 22, 24, 25, 28, 31, 32, 33, 35, 37, 39, 40, 41, 55, 63, 103, 119, 178, 206, 236, 294, 323, 326, 331, 399, 465, 489, 549, 703, 774, 791, 892, 985, 1015, 1037, 1046, 1059, 1126, 1165, 1175, 1290], "summary": {"covered_lines": 61, "num_statements": 70, "percent_covered": 87.14285714285714, "percent_covered_display": "87", "missing_lines": 9, "excluded_lines": 0, "percent_statements_covered": 87.14285714285714, "percent_statements_covered_display": "87"}, "missing_lines": [42, 44, 45, 46, 47, 48, 50, 51, 52], "excluded_lines": []}}, "classes": {"": {"executed_lines": [1, 2, 3, 4, 5, 6, 7, 8, 9, 10, 11, 12, 13, 14, 15, 16, 17, 18, 19, 20, 21, 22, 24, 25, 28, 31, 32, 33, 35, 37, 39, 40, 41, 55, 56, 57, 58, 59, 60, 63, 64, 65, 66, 67, 68, 69, 70, 71, 73, 74, 75, 76, 77, 78, 81, 82, 83, 84, 87, 88, 89, 91, 92, 97, 103, 104, 105, 106, 107, 108, 109, 115, 116, 119, 120, 121, 127, 128, 130, 131, 132, 133, 134, 135, 136, 139, 144, 145, 148, 151, 154, 163, 164, 165, 166, 172, 173, 174, 175, 178, 179, 180, 181, 182, 187, 188, 194, 195, 196, 197, 198, 199, 200, 201, 202, 206, 210, 211, 215, 216, 217, 222, 236, 239, 240, 244, 245, 246, 248, 261, 262, 264, 267, 270, 271, 272, 273, 277, 279, 280, 284, 285, 289, 294, 295, 296, 300, 301, 302, 303, 304, 305, 306, 307, 310, 311, 312, 313, 314, 315, 317, 318, 319, 320, 323, 326, 328, 331, 332, 333, 334, 335, 336, 337, 338, 339, 344, 372, 373, 375, 376, 395, 396, 399, 406, 407, 411, 412, 414, 415, 416, 417, 418, 419, 423, 424, 425, 426, 427, 428, 432, 433, 434, 435, 436, 437, 438, 439, 440, 441, 442, 443, 444, 445, 446, 452, 453, 456, 457, 458, 459, 460, 465, 466, 467, 471, 472, 473, 474, 475, 476, 477, 478, 480, 481, 482, 483, 484, 489, 497, 498, 500, 501, 502, 505, 518, 521, 530, 531, 532, 534, 541, 542, 543, 544, 545, 546, 549, 562, 563, 565, 566, 567, 569, 570, 574, 575, 576, 577, 578, 580, 581, 582, 583, 584, 585, 588, 601, 602, 603, 605, 606, 607, 608, 625, 629, 630, 631, 633, 638, 639, 640, 641, 642, 644, 645, 646, 647, 648, 649, 650, 654, 655, 690, 695, 696, 697, 703, 713, 714, 716, 717, 719, 720, 721, 723, 724, 725, 728, 729, 731, 733, 736, 737, 738, 739, 740, 763, 764, 765, 766, 768, 774, 775, 776, 777, 782, 783, 784, 785, 786, 787, 788, 791, 796, 797, 799, 800, 802, 803, 804, 807, 814, 815, 817, 818, 820, 821, 822, 827, 828, 829, 831, 832, 839, 840, 841, 842, 843, 849, 875, 876, 877, 889, 892, 897, 898, 900, 903, 909, 910, 911, 912, 913, 915, 916, 917, 918, 919, 920, 921, 925, 926, 927, 928, 929, 930, 931, 932, 933, 934, 935, 936, 940, 941, 942, 943, 944, 945, 946, 947, 948, 949, 950, 951, 954, 959, 960, 961, 969, 970, 972, 973, 974, 975, 976, 977, 979, 980, 982, 985, 986, 996, 1002, 1003, 1004, 1005, 1006, 1007, 1008, 1009, 1010, 1011, 1012, 1015, 1016, 1017, 1018, 1019, 1020, 1021, 1022, 1023, 1024, 1025, 1026, 1037, 1038, 1039, 1042, 1043, 1046, 1047, 1050, 1051, 1052, 1053, 1054, 1055, 1056, 1059, 1060, 1061, 1062, 1063, 1064, 1065, 1066, 1069, 1070, 1073, 1074, 1075, 1078, 1079, 1082, 1084, 1085, 1086, 1089, 1090, 1093, 1094, 1095, 1096, 1099, 1100, 1103, 1104, 1105, 1108, 1109, 1112, 1114, 1115, 1119, 1120, 1121, 1122, 1123, 1126, 1127, 1128, 1129, 1130, 1131, 1132, 1133, 1134, 1135, 1136, 1137, 1138, 1139, 1140, 1141, 1142, 1143, 1144, 1146, 1147, 1153, 1154, 1155, 1160, 1161, 1162, 1165, 1166, 1167, 1168, 1169, 1170, 1171, 1172, 1175, 1176, 1177, 1178, 1179, 1180, 1183, 1184, 1185, 1186, 1187, 1191, 1192, 1197, 1198, 1203, 1204, 1205, 1206, 1211, 1212, 1213, 1214, 1216, 1217, 1218, 1219, 1220, 1222, 1231, 1232, 1237, 1245, 1246, 1247, 1248, 1252, 1253, 1254, 1255, 1256, 1257, 1258, 1259, 1263, 1269, 1270, 1276, 1277, 1278, 1290, 1291, 1292, 1293, 1295, 1296, 1297, 1298, 1300, 1301, 1302, 1304, 1305, 1306, 1311, 1324, 1325, 1326, 1327, 1328, 1330, 1331, 1332, 1333, 1334, 1335, 1336, 1337, 1338, 1339, 1340, 1341, 1342, 1343, 1344, 1345, 1346, 1347, 1348, 1349, 1351, 1352, 1354, 1355, 1359, 1360, 1361, 1362, 1363, 1364, 1365, 1366, 1367, 1368, 1372, 1373, 1374, 1375, 1386, 1387, 1388, 1389, 1399, 1400, 1407, 1408, 1409, 1436, 1438, 1439, 1441, 1444, 1445, 1446, 1627, 1628, 1633, 1652, 1653, 1657, 1658, 1660, 1661, 1663, 1664, 1665, 1666, 1669, 1670, 1671, 1672, 1673, 1674, 1675, 1677, 1690, 1691, 1692, 1694, 1695, 1697, 1710, 1711, 1712, 1713, 1714, 1715, 1720, 1722, 1723, 1727, 1728, 1729, 1731, 1744, 1745, 1746, 1747, 1754, 1755], "summary": {"covered_lines": 715, "num_statements": 1077, "percent_covered": 66.38811513463324, "percent_covered_display": "66", "missing_lines": 362, "excluded_lines": 0, "percent_statements_covered": 66.38811513463324, "percent_statements_covered_display": "66"}, "missing_lines": [42, 44, 45, 46, 47, 48, 50, 51, 52, 80, 86, 90, 93, 94, 96, 98, 99, 100, 203, 229, 230, 231, 345, 346, 347, 348, 349, 350, 351, 352, 357, 358, 359, 360, 361, 364, 365, 366, 367, 368, 370, 371, 374, 377, 378, 379, 380, 381, 382, 383, 384, 387, 388, 389, 390, 391, 392, 393, 394, 447, 448, 451, 461, 462, 609, 610, 612, 613, 614, 615, 623, 624, 626, 627, 628, 634, 635, 651, 652, 656, 658, 659, 660, 661, 662, 664, 665, 666, 668, 670, 671, 672, 673, 681, 682, 683, 684, 685, 686, 687, 688, 691, 692, 693, 698, 699, 700, 726, 747, 748, 749, 750, 751, 752, 758, 759, 760, 769, 770, 771, 824, 833, 834, 835, 836, 837, 844, 845, 846, 850, 851, 853, 854, 857, 858, 859, 860, 861, 862, 863, 865, 866, 867, 868, 869, 870, 871, 872, 878, 879, 880, 881, 882, 883, 884, 886, 887, 962, 963, 964, 965, 966, 1032, 1033, 1034, 1150, 1151, 1152, 1181, 1221, 1229, 1260, 1261, 1264, 1271, 1279, 1280, 1284, 1376, 1377, 1378, 1379, 1380, 1381, 1382, 1390, 1391, 1392, 1393, 1394, 1395, 1396, 1410, 1412, 1413, 1414, 1416, 1417, 1418, 1419, 1420, 1421, 1422, 1423, 1424, 1425, 1431, 1434, 1435, 1447, 1448, 1449, 1450, 1452, 1455, 1456, 1457, 1459, 1463, 1467, 1470, 1471, 1472, 1475, 1476, 1479, 1480, 1481, 1482, 1484, 1485, 1486, 1487, 1488, 1489, 1490, 1491, 1493, 1494, 1495, 1496, 1499, 1500, 1502, 1503, 1504, 1505, 1506, 1509, 1510, 1511, 1512, 1513, 1514, 1518, 1522, 1523, 1524, 1525, 1528, 1529, 1530, 1531, 1533, 1534, 1535, 1536, 1537, 1539, 1540, 1541, 1542, 1543, 1547, 1548, 1549, 1551, 1552, 1553, 1554, 1555, 1556, 1558, 1559, 1560, 1561, 1562, 1564, 1566, 1567, 1568, 1569, 1570, 1571, 1573, 1575, 1576, 1577, 1578, 1579, 1581, 1582, 1583, 1584, 1585, 1587, 1588, 1589, 1590, 1591, 1592, 1593, 1594, 1597, 1598, 1599, 1600, 1601, 1604, 1605, 1606, 1607, 1608, 1609, 1610, 1613, 1614, 1615, 1618, 1619, 1620, 1621, 1624, 1634, 1637, 1640, 1643, 1644, 1649, 1650, 1651, 1654, 1655, 1656, 1716, 1717, 1718, 1719, 1721, 1725, 1726, 1730, 1732, 1733, 1734, 1756, 1757, 1759, 1760, 1761, 1762, 1763], "excluded_lines": []}}}, "src/services/validator_service.py": {"executed_lines": [1, 2, 3, 4, 5, 6, 7, 8, 9, 10, 11, 14, 18, 21, 22, 23, 26, 27, 28, 29, 30, 32, 33, 37, 38, 39, 40, 41, 44, 45, 46, 47, 50, 51, 52, 55, 57, 58, 59, 60, 61, 62, 63, 66, 68, 69, 70, 71, 72, 73, 74, 75, 76, 79, 80, 105, 107, 108, 110, 111, 112, 114, 117, 128, 132, 133, 134, 135, 136, 137, 139, 140, 141, 142, 143, 144, 157, 162, 163, 164, 165, 166, 171, 180, 181, 182, 186, 197, 198, 199, 202, 203, 205, 210, 211, 215, 216, 217, 224, 227, 228, 230, 232, 239, 242, 243, 257, 258, 259, 261, 262, 270, 301, 302, 304, 305, 307, 315, 320, 321, 322, 325], "summary": {"covered_lines": 122, "num_statements": 146, "percent_covered": 83.56164383561644, "percent_covered_display": "84", "missing_lines": 24, "excluded_lines": 0, "percent_statements_covered": 83.56164383561644, "percent_statements_covered_display": "84"}, "missing_lines": [118, 119, 120, 121, 123, 124, 125, 155, 156, 168, 244, 251, 276, 284, 291, 298, 326, 328, 329, 330, 331, 332, 333, 334], "excluded_lines": [], "functions": {"get_package_metadata": {"executed_lines": [57, 58, 59, 60, 61, 62, 63], "summary": {"covered_lines": 7, "num_statements": 7, "percent_covered": 100.0, "percent_covered_display": "100", "missing_lines": 0, "excluded_lines": 0, "percent_statements_covered": 100.0, "percent_statements_covered_display": "100"}, "missing_lines": [], "excluded_lines": []}, "get_validator_script": {"executed_lines": [68, 69, 70, 71, 72, 73, 74, 75, 76], "summary": {"covered_lines": 9, "num_statements": 9, "percent_covered": 100.0, "percent_covered_display": "100", "missing_lines": 0, "excluded_lines": 0, "percent_statements_covered": 100.0, "percent_statements_covered_display": "100"}, "missing_lines": [], "excluded_lines": []}, "_run_validator_script": {"executed_lines": [80, 105, 107, 108, 110, 111, 112, 114], "summary": {"covered_lines": 8, "num_statements": 8, "percent_covered": 100.0, "percent_covered_display": "100", "missing_lines": 0, "excluded_lines": 0, "percent_statements_covered": 100.0, "percent_statements_covered_display": "100"}, "missing_lines": [], "excluded_lines": []}, "_validator_worker": {"executed_lines": [], "summary": {"covered_lines": 0, "num_statements": 7, "percent_covered": 0.0, "percent_covered_display": "0", "missing_lines": 7, "excluded_lines": 0, "percent_statements_covered": 0.0, "percent_statements_covered_display": "0"}, "missing_lines": [118, 119, 120, 121, 123, 124, 125], "excluded_lines": []}, "execute_validator": {"executed_lines": [132, 133, 134, 135, 136, 137, 139, 140, 141, 142, 143, 144, 157, 162, 163, 164, 165, 166], "summary": {"covered_lines": 18, "num_statements": 21, "percent_covered": 85.71428571428571, "percent_covered_display": "86", "missing_lines": 3, "excluded_lines": 0, "percent_statements_covered": 85.71428571428571, "percent_statements_covered_display": "86"}, "missing_lines": [155, 156, 168], "excluded_lines": []}, "log_download_event": {"executed_lines": [180, 181, 182, 186, 197, 198, 199], "summary": {"covered_lines": 7, "num_statements": 7, "percent_covered": 100.0, "percent_covered_display": "100", "missing_lines": 0, "excluded_lines": 0, "percent_statements_covered": 100.0, "percent_statements_covered_display": "100"}, "missing_lines": [], "excluded_lines": []}, "health_check": {"executed_lines": [205], "summary": {"covered_lines": 1, "num_statements": 1, "percent_covered": 100.0, "percent_covered_display": "100", "missing_lines": 0, "excluded_lines": 0, "percent_statements_covered": 100.0, "percent_statements_covered_display": "100"}, "missing_lines": [], "excluded_lines": []}, "validate_package": {"executed_lines": [215, 216, 217, 224, 227, 228, 230, 232, 239, 242, 243, 257, 258, 259, 261, 262, 270], "summary": {"covered_lines": 17, "num_statements": 23, "percent_covered": 73.91304347826087, "percent_covered_display": "74", "missing_lines": 6, "excluded_lines": 0, "percent_statements_covered": 73.91304347826087, "percent_statements_covered_display": "74"}, "missing_lines": [244, 251, 276, 284, 291, 298], "excluded_lines": []}, "get_user_history": {"executed_lines": [304, 305, 307, 315, 320, 321, 322], "summary": {"covered_lines": 7, "num_statements": 7, "percent_covered": 100.0, "percent_covered_display": "100", "missing_lines": 0, "excluded_lines": 0, "percent_statements_covered": 100.0, "percent_statements_covered_display": "100"}, "missing_lines": [], "excluded_lines": []}, "": {"executed_lines": [1, 2, 3, 4, 5, 6, 7, 8, 9, 10, 11, 14, 18, 21, 22, 23, 26, 27, 28, 29, 30, 32, 33, 37, 38, 39, 40, 41, 44, 45, 46, 47, 50, 51, 52, 55, 66, 79, 117, 128, 171, 202, 203, 210, 211, 301, 302, 325], "summary": {"covered_lines": 48, "num_statements": 56, "percent_covered": 85.71428571428571, "percent_covered_display": "86", "missing_lines": 8, "excluded_lines": 0, "percent_statements_covered": 85.71428571428571, "percent_statements_covered_display": "86"}, "missing_lines": [326, 328, 329, 330, 331, 332, 333, 334], "excluded_lines": []}}, "classes": {"ValidationRequest": {"executed_lines": [], "summary": {"covered_lines": 0, "num_statements": 0, "percent_covered": 100.0, "percent_covered_display": "100", "missing_lines": 0, "excluded_lines": 0, "percent_statements_covered": 100.0, "percent_statements_covered_display": "100"}, "missing_lines": [], "excluded_lines": []}, "ValidationResponse": {"executed_lines": [], "summary": {"covered_lines": 0, "num_statements": 0, "percent_covered": 100.0, "percent_covered_display": "100", "missing_lines": 0, "excluded_lines": 0, "percent_statements_covered": 100.0, "percent_statements_covered_display": "100"}, "missing_lines": [], "excluded_lines": []}, "HealthResponse": {"executed_lines": [], "summary": {"covered_lines": 0, "num_statements": 0, "percent_covered": 100.0, "percent_covered_display": "100", "missing_lines": 0, "excluded_lines": 0, "percent_statements_covered": 100.0, "percent_statements_covered_display": "100"}, "missing_lines": [], "excluded_lines": []}, "": {"executed_lines": [1, 2, 3, 4, 5, 6, 7, 8, 9, 10, 11, 14, 18, 21, 22, 23, 26, 27, 28, 29, 30, 32, 33, 37, 38, 39, 40, 41, 44, 45, 46, 47, 50, 51, 52, 55, 57, 58, 59, 60, 61, 62, 63, 66, 68, 69, 70, 71, 72, 73, 74, 75, 76, 79, 80, 105, 107, 108, 110, 111, 112, 114, 117, 128, 132, 133, 134, 135, 136, 137, 139, 140, 141, 142, 143, 144, 157, 162, 163, 164, 165, 166, 171, 180, 181, 182, 186, 197, 198, 199, 202, 203, 205, 210, 211, 215, 216, 217, 224, 227, 228, 230, 232, 239, 242, 243, 257, 258, 259, 261, 262, 270, 301, 302, 304, 305, 307, 315, 320, 321, 322, 325], "summary": {"covered_lines": 122, "num_statements": 146, "percent_covered": 83.56164383561644, "percent_covered_display": "84", "missing_lines": 24, "excluded_lines": 0, "percent_statements_covered": 83.56164383561644, "percent_statements_covered_display": "84"}, "missing_lines": [118, 119, 120, 121, 123, 124, 125, 155, 156, 168, 244, 251, 276, 284, 291, 298, 326, 328, 329, 330, 331, 332, 333, 334], "excluded_lines": []}}}}, "totals": {"covered_lines": 4344, "num_statements": 6590, "percent_covered": 65.91805766312595, "percent_covered_display": "66", "missing_lines": 2246, "excluded_lines": 21, "percent_statements_covered": 65.91805766312595, "percent_statements_covered_display": "66"}}